<?xml version="1.0" ?>
<coverage version="7.0.5" timestamp="1690452000144" lines-valid="1949" lines-covered="1679" line-rate="0.8615" branches-covered="0" branches-valid="0" branch-rate="0" complexity="0">
	<!-- Generated by coverage.py: https://coverage.readthedocs.io -->
	<!-- Based on https://raw.githubusercontent.com/cobertura/web/master/htdocs/xml/coverage-04.dtd -->
	<sources>
		<source>C:\Users\etgrau\OneDrive - IREC-edu\spectrapepper\tests</source>
	</sources>
	<packages>
		<package name="." line-rate="0.8615" branch-rate="0" complexity="0">
			<classes>
				<class name="functions.py" filename="functions.py" complexity="0" line-rate="0.8305" branch-rate="0">
					<methods/>
					<lines>
						<line number="6" hits="1"/>
						<line number="7" hits="1"/>
						<line number="8" hits="1"/>
						<line number="9" hits="1"/>
						<line number="10" hits="1"/>
						<line number="11" hits="1"/>
						<line number="12" hits="1"/>
						<line number="13" hits="1"/>
						<line number="14" hits="1"/>
						<line number="15" hits="1"/>
						<line number="16" hits="1"/>
						<line number="17" hits="1"/>
						<line number="18" hits="1"/>
						<line number="19" hits="1"/>
						<line number="20" hits="1"/>
						<line number="21" hits="1"/>
						<line number="22" hits="1"/>
						<line number="23" hits="1"/>
						<line number="24" hits="1"/>
						<line number="25" hits="1"/>
						<line number="26" hits="1"/>
						<line number="27" hits="1"/>
						<line number="28" hits="1"/>
						<line number="29" hits="1"/>
						<line number="30" hits="1"/>
						<line number="33" hits="1"/>
						<line number="44" hits="1"/>
						<line number="45" hits="1"/>
						<line number="46" hits="1"/>
						<line number="47" hits="1"/>
						<line number="48" hits="1"/>
						<line number="50" hits="1"/>
						<line number="51" hits="0"/>
						<line number="52" hits="1"/>
						<line number="53" hits="0"/>
						<line number="55" hits="1"/>
						<line number="58" hits="1"/>
						<line number="66" hits="1"/>
						<line number="67" hits="1"/>
						<line number="68" hits="1"/>
						<line number="70" hits="1"/>
						<line number="71" hits="1"/>
						<line number="73" hits="1"/>
						<line number="76" hits="1"/>
						<line number="84" hits="1"/>
						<line number="85" hits="1"/>
						<line number="86" hits="1"/>
						<line number="88" hits="1"/>
						<line number="89" hits="1"/>
						<line number="91" hits="1"/>
						<line number="94" hits="1"/>
						<line number="131" hits="1"/>
						<line number="132" hits="1"/>
						<line number="133" hits="1"/>
						<line number="134" hits="1"/>
						<line number="135" hits="1"/>
						<line number="136" hits="1"/>
						<line number="138" hits="1"/>
						<line number="139" hits="1"/>
						<line number="141" hits="1"/>
						<line number="142" hits="1"/>
						<line number="143" hits="0"/>
						<line number="144" hits="0"/>
						<line number="146" hits="1"/>
						<line number="147" hits="1"/>
						<line number="148" hits="1"/>
						<line number="149" hits="1"/>
						<line number="150" hits="0"/>
						<line number="151" hits="1"/>
						<line number="152" hits="1"/>
						<line number="154" hits="1"/>
						<line number="155" hits="0"/>
						<line number="157" hits="1"/>
						<line number="160" hits="1"/>
						<line number="182" hits="1"/>
						<line number="183" hits="1"/>
						<line number="185" hits="1"/>
						<line number="186" hits="1"/>
						<line number="188" hits="1"/>
						<line number="189" hits="1"/>
						<line number="191" hits="1"/>
						<line number="192" hits="1"/>
						<line number="194" hits="1"/>
						<line number="195" hits="1"/>
						<line number="197" hits="1"/>
						<line number="200" hits="1"/>
						<line number="218" hits="1"/>
						<line number="220" hits="1"/>
						<line number="221" hits="1"/>
						<line number="222" hits="1"/>
						<line number="224" hits="1"/>
						<line number="225" hits="1"/>
						<line number="226" hits="1"/>
						<line number="227" hits="1"/>
						<line number="229" hits="1"/>
						<line number="230" hits="1"/>
						<line number="232" hits="1"/>
						<line number="235" hits="1"/>
						<line number="249" hits="1"/>
						<line number="250" hits="1"/>
						<line number="251" hits="1"/>
						<line number="252" hits="1"/>
						<line number="255" hits="1"/>
						<line number="280" hits="1"/>
						<line number="281" hits="1"/>
						<line number="283" hits="1"/>
						<line number="284" hits="1"/>
						<line number="286" hits="1"/>
						<line number="287" hits="1"/>
						<line number="288" hits="1"/>
						<line number="290" hits="1"/>
						<line number="291" hits="1"/>
						<line number="292" hits="1"/>
						<line number="293" hits="1"/>
						<line number="294" hits="1"/>
						<line number="295" hits="1"/>
						<line number="296" hits="1"/>
						<line number="298" hits="1"/>
						<line number="299" hits="1"/>
						<line number="301" hits="0"/>
						<line number="303" hits="1"/>
						<line number="304" hits="1"/>
						<line number="306" hits="1"/>
						<line number="309" hits="1"/>
						<line number="337" hits="1"/>
						<line number="338" hits="1"/>
						<line number="339" hits="1"/>
						<line number="340" hits="1"/>
						<line number="341" hits="1"/>
						<line number="343" hits="1"/>
						<line number="344" hits="0"/>
						<line number="346" hits="1"/>
						<line number="347" hits="1"/>
						<line number="349" hits="1"/>
						<line number="350" hits="1"/>
						<line number="352" hits="1"/>
						<line number="353" hits="1"/>
						<line number="354" hits="1"/>
						<line number="355" hits="1"/>
						<line number="356" hits="1"/>
						<line number="357" hits="1"/>
						<line number="358" hits="1"/>
						<line number="360" hits="1"/>
						<line number="361" hits="1"/>
						<line number="362" hits="1"/>
						<line number="364" hits="1"/>
						<line number="366" hits="0"/>
						<line number="368" hits="1"/>
						<line number="369" hits="1"/>
						<line number="371" hits="0"/>
						<line number="373" hits="1"/>
						<line number="374" hits="0"/>
						<line number="375" hits="0"/>
						<line number="376" hits="0"/>
						<line number="377" hits="0"/>
						<line number="378" hits="0"/>
						<line number="379" hits="0"/>
						<line number="381" hits="1"/>
						<line number="382" hits="1"/>
						<line number="384" hits="1"/>
						<line number="387" hits="1"/>
						<line number="415" hits="1"/>
						<line number="416" hits="1"/>
						<line number="417" hits="1"/>
						<line number="418" hits="1"/>
						<line number="419" hits="1"/>
						<line number="420" hits="1"/>
						<line number="422" hits="1"/>
						<line number="423" hits="1"/>
						<line number="425" hits="1"/>
						<line number="426" hits="1"/>
						<line number="427" hits="1"/>
						<line number="428" hits="1"/>
						<line number="429" hits="1"/>
						<line number="431" hits="1"/>
						<line number="432" hits="1"/>
						<line number="433" hits="1"/>
						<line number="434" hits="1"/>
						<line number="435" hits="0"/>
						<line number="436" hits="0"/>
						<line number="437" hits="0"/>
						<line number="438" hits="0"/>
						<line number="440" hits="1"/>
						<line number="441" hits="1"/>
						<line number="443" hits="0"/>
						<line number="445" hits="1"/>
						<line number="446" hits="1"/>
						<line number="448" hits="1"/>
						<line number="451" hits="1"/>
						<line number="465" hits="1"/>
						<line number="466" hits="1"/>
						<line number="467" hits="1"/>
						<line number="468" hits="1"/>
						<line number="470" hits="1"/>
						<line number="471" hits="1"/>
						<line number="472" hits="1"/>
						<line number="473" hits="1"/>
						<line number="474" hits="1"/>
						<line number="475" hits="1"/>
						<line number="476" hits="1"/>
						<line number="477" hits="1"/>
						<line number="479" hits="1"/>
						<line number="482" hits="1"/>
						<line number="502" hits="1"/>
						<line number="503" hits="1"/>
						<line number="505" hits="1"/>
						<line number="506" hits="0"/>
						<line number="508" hits="1"/>
						<line number="509" hits="1"/>
						<line number="511" hits="1"/>
						<line number="512" hits="1"/>
						<line number="513" hits="1"/>
						<line number="514" hits="1"/>
						<line number="517" hits="1"/>
						<line number="518" hits="1"/>
						<line number="520" hits="1"/>
						<line number="521" hits="1"/>
						<line number="523" hits="1"/>
						<line number="526" hits="1"/>
						<line number="542" hits="1"/>
						<line number="543" hits="1"/>
						<line number="544" hits="1"/>
						<line number="546" hits="1"/>
						<line number="547" hits="1"/>
						<line number="549" hits="1"/>
						<line number="550" hits="1"/>
						<line number="551" hits="1"/>
						<line number="553" hits="1"/>
						<line number="554" hits="1"/>
						<line number="555" hits="1"/>
						<line number="557" hits="1"/>
						<line number="558" hits="1"/>
						<line number="560" hits="1"/>
						<line number="561" hits="1"/>
						<line number="562" hits="1"/>
						<line number="563" hits="1"/>
						<line number="564" hits="1"/>
						<line number="566" hits="1"/>
						<line number="568" hits="1"/>
						<line number="569" hits="1"/>
						<line number="571" hits="1"/>
						<line number="574" hits="1"/>
						<line number="589" hits="1"/>
						<line number="590" hits="1"/>
						<line number="592" hits="1"/>
						<line number="593" hits="1"/>
						<line number="595" hits="1"/>
						<line number="596" hits="1"/>
						<line number="598" hits="1"/>
						<line number="599" hits="1"/>
						<line number="601" hits="0"/>
						<line number="603" hits="1"/>
						<line number="604" hits="1"/>
						<line number="606" hits="1"/>
						<line number="607" hits="1"/>
						<line number="609" hits="1"/>
						<line number="612" hits="1"/>
						<line number="633" hits="1"/>
						<line number="634" hits="1"/>
						<line number="636" hits="1"/>
						<line number="637" hits="1"/>
						<line number="639" hits="1"/>
						<line number="640" hits="0"/>
						<line number="642" hits="1"/>
						<line number="643" hits="1"/>
						<line number="645" hits="1"/>
						<line number="646" hits="1"/>
						<line number="647" hits="1"/>
						<line number="648" hits="1"/>
						<line number="649" hits="1"/>
						<line number="651" hits="1"/>
						<line number="652" hits="1"/>
						<line number="654" hits="1"/>
						<line number="657" hits="1"/>
						<line number="671" hits="1"/>
						<line number="672" hits="1"/>
						<line number="673" hits="1"/>
						<line number="674" hits="1"/>
						<line number="675" hits="1"/>
						<line number="676" hits="0"/>
						<line number="677" hits="1"/>
						<line number="679" hits="1"/>
						<line number="680" hits="1"/>
						<line number="681" hits="0"/>
						<line number="682" hits="1"/>
						<line number="683" hits="1"/>
						<line number="686" hits="1"/>
						<line number="698" hits="0"/>
						<line number="699" hits="0"/>
						<line number="700" hits="0"/>
						<line number="701" hits="0"/>
						<line number="702" hits="0"/>
						<line number="703" hits="0"/>
						<line number="705" hits="0"/>
						<line number="706" hits="0"/>
						<line number="709" hits="1"/>
						<line number="725" hits="1"/>
						<line number="726" hits="1"/>
						<line number="728" hits="1"/>
						<line number="729" hits="1"/>
						<line number="730" hits="1"/>
						<line number="732" hits="0"/>
						<line number="733" hits="0"/>
						<line number="735" hits="1"/>
						<line number="736" hits="0"/>
						<line number="737" hits="1"/>
						<line number="738" hits="0"/>
						<line number="740" hits="1"/>
						<line number="742" hits="1"/>
						<line number="744" hits="1"/>
						<line number="745" hits="0"/>
						<line number="746" hits="0"/>
						<line number="747" hits="0"/>
						<line number="749" hits="1"/>
						<line number="750" hits="1"/>
						<line number="752" hits="1"/>
						<line number="755" hits="1"/>
						<line number="766" hits="1"/>
						<line number="767" hits="1"/>
						<line number="768" hits="1"/>
						<line number="769" hits="1"/>
						<line number="771" hits="1"/>
						<line number="772" hits="1"/>
						<line number="773" hits="1"/>
						<line number="774" hits="1"/>
						<line number="775" hits="1"/>
						<line number="776" hits="1"/>
						<line number="777" hits="1"/>
						<line number="778" hits="1"/>
						<line number="779" hits="1"/>
						<line number="780" hits="1"/>
						<line number="781" hits="1"/>
						<line number="782" hits="1"/>
						<line number="783" hits="1"/>
						<line number="784" hits="1"/>
						<line number="785" hits="1"/>
						<line number="787" hits="1"/>
						<line number="788" hits="1"/>
						<line number="789" hits="1"/>
						<line number="790" hits="1"/>
						<line number="791" hits="1"/>
						<line number="793" hits="1"/>
						<line number="796" hits="1"/>
						<line number="813" hits="1"/>
						<line number="814" hits="1"/>
						<line number="815" hits="1"/>
						<line number="816" hits="1"/>
						<line number="817" hits="1"/>
						<line number="818" hits="1"/>
						<line number="819" hits="1"/>
						<line number="820" hits="1"/>
						<line number="821" hits="1"/>
						<line number="822" hits="1"/>
						<line number="823" hits="0"/>
						<line number="825" hits="1"/>
						<line number="826" hits="1"/>
						<line number="829" hits="1"/>
						<line number="848" hits="1"/>
						<line number="849" hits="1"/>
						<line number="850" hits="1"/>
						<line number="851" hits="1"/>
						<line number="853" hits="1"/>
						<line number="854" hits="1"/>
						<line number="855" hits="1"/>
						<line number="856" hits="1"/>
						<line number="857" hits="1"/>
						<line number="859" hits="1"/>
						<line number="860" hits="1"/>
						<line number="861" hits="1"/>
						<line number="862" hits="1"/>
						<line number="863" hits="1"/>
						<line number="864" hits="1"/>
						<line number="866" hits="1"/>
						<line number="867" hits="1"/>
						<line number="868" hits="0"/>
						<line number="870" hits="1"/>
						<line number="871" hits="1"/>
						<line number="873" hits="1"/>
						<line number="874" hits="1"/>
						<line number="875" hits="1"/>
						<line number="876" hits="1"/>
						<line number="877" hits="1"/>
						<line number="879" hits="1"/>
						<line number="880" hits="1"/>
						<line number="883" hits="1"/>
						<line number="884" hits="1"/>
						<line number="885" hits="1"/>
						<line number="887" hits="1"/>
						<line number="888" hits="1"/>
						<line number="890" hits="1"/>
						<line number="891" hits="1"/>
						<line number="893" hits="1"/>
						<line number="895" hits="1"/>
						<line number="898" hits="1"/>
						<line number="917" hits="1"/>
						<line number="918" hits="1"/>
						<line number="919" hits="1"/>
						<line number="920" hits="1"/>
						<line number="922" hits="1"/>
						<line number="923" hits="1"/>
						<line number="924" hits="1"/>
						<line number="925" hits="1"/>
						<line number="927" hits="1"/>
						<line number="928" hits="1"/>
						<line number="930" hits="1"/>
						<line number="931" hits="1"/>
						<line number="932" hits="1"/>
						<line number="933" hits="1"/>
						<line number="934" hits="1"/>
						<line number="936" hits="1"/>
						<line number="937" hits="1"/>
						<line number="938" hits="1"/>
						<line number="940" hits="1"/>
						<line number="941" hits="1"/>
						<line number="942" hits="1"/>
						<line number="943" hits="1"/>
						<line number="944" hits="1"/>
						<line number="945" hits="1"/>
						<line number="946" hits="1"/>
						<line number="949" hits="1"/>
						<line number="950" hits="1"/>
						<line number="951" hits="1"/>
						<line number="953" hits="1"/>
						<line number="954" hits="1"/>
						<line number="956" hits="1"/>
						<line number="957" hits="1"/>
						<line number="959" hits="1"/>
						<line number="961" hits="1"/>
						<line number="964" hits="1"/>
						<line number="983" hits="1"/>
						<line number="984" hits="1"/>
						<line number="985" hits="1"/>
						<line number="986" hits="1"/>
						<line number="988" hits="1"/>
						<line number="989" hits="1"/>
						<line number="991" hits="1"/>
						<line number="992" hits="1"/>
						<line number="993" hits="1"/>
						<line number="995" hits="1"/>
						<line number="996" hits="1"/>
						<line number="998" hits="1"/>
						<line number="1001" hits="1"/>
						<line number="1025" hits="1"/>
						<line number="1026" hits="1"/>
						<line number="1028" hits="1"/>
						<line number="1029" hits="0"/>
						<line number="1031" hits="1"/>
						<line number="1032" hits="0"/>
						<line number="1034" hits="1"/>
						<line number="1036" hits="1"/>
						<line number="1037" hits="1"/>
						<line number="1039" hits="1"/>
						<line number="1040" hits="1"/>
						<line number="1041" hits="1"/>
						<line number="1042" hits="1"/>
						<line number="1043" hits="1"/>
						<line number="1044" hits="1"/>
						<line number="1047" hits="1"/>
						<line number="1048" hits="1"/>
						<line number="1050" hits="1"/>
						<line number="1053" hits="1"/>
						<line number="1098" hits="1"/>
						<line number="1099" hits="1"/>
						<line number="1100" hits="1"/>
						<line number="1102" hits="1"/>
						<line number="1103" hits="1"/>
						<line number="1105" hits="1"/>
						<line number="1106" hits="1"/>
						<line number="1107" hits="1"/>
						<line number="1108" hits="1"/>
						<line number="1109" hits="1"/>
						<line number="1111" hits="1"/>
						<line number="1112" hits="1"/>
						<line number="1114" hits="1"/>
						<line number="1115" hits="1"/>
						<line number="1116" hits="0"/>
						<line number="1117" hits="0"/>
						<line number="1121" hits="1"/>
						<line number="1123" hits="1"/>
						<line number="1124" hits="0"/>
						<line number="1125" hits="0"/>
						<line number="1126" hits="0"/>
						<line number="1127" hits="0"/>
						<line number="1128" hits="0"/>
						<line number="1129" hits="0"/>
						<line number="1130" hits="0"/>
						<line number="1131" hits="0"/>
						<line number="1132" hits="0"/>
						<line number="1133" hits="0"/>
						<line number="1134" hits="0"/>
						<line number="1135" hits="0"/>
						<line number="1136" hits="0"/>
						<line number="1138" hits="0"/>
						<line number="1139" hits="0"/>
						<line number="1140" hits="0"/>
						<line number="1142" hits="0"/>
						<line number="1143" hits="0"/>
						<line number="1145" hits="0"/>
						<line number="1146" hits="0"/>
						<line number="1148" hits="1"/>
						<line number="1151" hits="1"/>
						<line number="1161" hits="1"/>
						<line number="1163" hits="1"/>
						<line number="1164" hits="1"/>
						<line number="1166" hits="0"/>
						<line number="1168" hits="1"/>
						<line number="1171" hits="1"/>
						<line number="1181" hits="1"/>
						<line number="1182" hits="1"/>
						<line number="1183" hits="1"/>
						<line number="1185" hits="0"/>
						<line number="1186" hits="1"/>
						<line number="1189" hits="1"/>
						<line number="1199" hits="1"/>
						<line number="1200" hits="1"/>
						<line number="1201" hits="1"/>
						<line number="1202" hits="1"/>
						<line number="1204" hits="0"/>
						<line number="1205" hits="1"/>
						<line number="1208" hits="1"/>
						<line number="1245" hits="1"/>
						<line number="1246" hits="1"/>
						<line number="1248" hits="1"/>
						<line number="1249" hits="0"/>
						<line number="1250" hits="0"/>
						<line number="1252" hits="0"/>
						<line number="1255" hits="1"/>
						<line number="1257" hits="0"/>
						<line number="1259" hits="1"/>
						<line number="1260" hits="1"/>
						<line number="1262" hits="1"/>
						<line number="1264" hits="1"/>
						<line number="1265" hits="1"/>
						<line number="1266" hits="1"/>
						<line number="1267" hits="1"/>
						<line number="1269" hits="1"/>
						<line number="1270" hits="1"/>
						<line number="1271" hits="1"/>
						<line number="1273" hits="1"/>
						<line number="1274" hits="1"/>
						<line number="1275" hits="1"/>
						<line number="1277" hits="1"/>
						<line number="1279" hits="1"/>
						<line number="1280" hits="1"/>
						<line number="1282" hits="1"/>
						<line number="1283" hits="1"/>
						<line number="1284" hits="1"/>
						<line number="1285" hits="1"/>
						<line number="1286" hits="1"/>
						<line number="1287" hits="1"/>
						<line number="1289" hits="1"/>
						<line number="1291" hits="1"/>
						<line number="1294" hits="1"/>
						<line number="1334" hits="1"/>
						<line number="1336" hits="1"/>
						<line number="1337" hits="1"/>
						<line number="1338" hits="0"/>
						<line number="1340" hits="1"/>
						<line number="1341" hits="1"/>
						<line number="1342" hits="1"/>
						<line number="1345" hits="1"/>
						<line number="1346" hits="0"/>
						<line number="1348" hits="1"/>
						<line number="1350" hits="1"/>
						<line number="1352" hits="1"/>
						<line number="1353" hits="1"/>
						<line number="1354" hits="0"/>
						<line number="1356" hits="1"/>
						<line number="1357" hits="1"/>
						<line number="1359" hits="1"/>
						<line number="1360" hits="1"/>
						<line number="1361" hits="1"/>
						<line number="1363" hits="1"/>
						<line number="1365" hits="1"/>
						<line number="1366" hits="1"/>
						<line number="1367" hits="1"/>
						<line number="1368" hits="1"/>
						<line number="1370" hits="1"/>
						<line number="1371" hits="1"/>
						<line number="1372" hits="1"/>
						<line number="1374" hits="1"/>
						<line number="1376" hits="1"/>
						<line number="1377" hits="1"/>
						<line number="1379" hits="1"/>
						<line number="1380" hits="1"/>
						<line number="1381" hits="1"/>
						<line number="1382" hits="1"/>
						<line number="1383" hits="1"/>
						<line number="1384" hits="1"/>
						<line number="1386" hits="1"/>
						<line number="1387" hits="1"/>
						<line number="1388" hits="1"/>
						<line number="1390" hits="1"/>
						<line number="1391" hits="0"/>
						<line number="1393" hits="1"/>
						<line number="1396" hits="1"/>
						<line number="1432" hits="1"/>
						<line number="1433" hits="1"/>
						<line number="1434" hits="1"/>
						<line number="1436" hits="1"/>
						<line number="1437" hits="0"/>
						<line number="1438" hits="0"/>
						<line number="1439" hits="0"/>
						<line number="1440" hits="0"/>
						<line number="1441" hits="0"/>
						<line number="1442" hits="0"/>
						<line number="1443" hits="0"/>
						<line number="1444" hits="0"/>
						<line number="1445" hits="0"/>
						<line number="1448" hits="1"/>
						<line number="1449" hits="1"/>
						<line number="1451" hits="1"/>
						<line number="1452" hits="1"/>
						<line number="1454" hits="1"/>
						<line number="1455" hits="1"/>
						<line number="1456" hits="1"/>
						<line number="1458" hits="1"/>
						<line number="1459" hits="1"/>
						<line number="1460" hits="1"/>
						<line number="1461" hits="1"/>
						<line number="1462" hits="1"/>
						<line number="1463" hits="1"/>
						<line number="1464" hits="1"/>
						<line number="1465" hits="1"/>
						<line number="1466" hits="1"/>
						<line number="1468" hits="1"/>
						<line number="1469" hits="1"/>
						<line number="1471" hits="1"/>
						<line number="1473" hits="1"/>
						<line number="1476" hits="1"/>
						<line number="1478" hits="1"/>
						<line number="1479" hits="1"/>
						<line number="1480" hits="1"/>
						<line number="1481" hits="1"/>
						<line number="1482" hits="1"/>
						<line number="1484" hits="1"/>
						<line number="1486" hits="1"/>
						<line number="1487" hits="1"/>
						<line number="1488" hits="1"/>
						<line number="1489" hits="1"/>
						<line number="1490" hits="1"/>
						<line number="1492" hits="1"/>
						<line number="1494" hits="1"/>
						<line number="1497" hits="1"/>
						<line number="1519" hits="1"/>
						<line number="1521" hits="1"/>
						<line number="1523" hits="1"/>
						<line number="1524" hits="0"/>
						<line number="1525" hits="0"/>
						<line number="1527" hits="1"/>
						<line number="1528" hits="1"/>
						<line number="1530" hits="1"/>
						<line number="1531" hits="1"/>
						<line number="1533" hits="1"/>
						<line number="1534" hits="1"/>
						<line number="1536" hits="1"/>
						<line number="1538" hits="1"/>
						<line number="1539" hits="1"/>
						<line number="1540" hits="1"/>
						<line number="1542" hits="1"/>
						<line number="1543" hits="1"/>
						<line number="1545" hits="1"/>
						<line number="1546" hits="1"/>
						<line number="1547" hits="1"/>
						<line number="1552" hits="1"/>
						<line number="1555" hits="1"/>
						<line number="1571" hits="1"/>
						<line number="1572" hits="1"/>
						<line number="1573" hits="1"/>
						<line number="1575" hits="1"/>
						<line number="1576" hits="1"/>
						<line number="1577" hits="1"/>
						<line number="1578" hits="1"/>
						<line number="1579" hits="1"/>
						<line number="1580" hits="1"/>
						<line number="1581" hits="1"/>
						<line number="1582" hits="1"/>
						<line number="1583" hits="1"/>
						<line number="1585" hits="1"/>
						<line number="1586" hits="1"/>
						<line number="1588" hits="1"/>
						<line number="1589" hits="1"/>
						<line number="1590" hits="1"/>
						<line number="1591" hits="1"/>
						<line number="1592" hits="1"/>
						<line number="1593" hits="1"/>
						<line number="1595" hits="1"/>
						<line number="1596" hits="1"/>
						<line number="1597" hits="1"/>
						<line number="1599" hits="1"/>
						<line number="1600" hits="1"/>
						<line number="1601" hits="1"/>
						<line number="1602" hits="1"/>
						<line number="1603" hits="1"/>
						<line number="1604" hits="1"/>
						<line number="1605" hits="1"/>
						<line number="1607" hits="1"/>
						<line number="1610" hits="1"/>
						<line number="1636" hits="1"/>
						<line number="1638" hits="1"/>
						<line number="1639" hits="1"/>
						<line number="1640" hits="1"/>
						<line number="1642" hits="0"/>
						<line number="1643" hits="0"/>
						<line number="1645" hits="1"/>
						<line number="1646" hits="1"/>
						<line number="1648" hits="1"/>
						<line number="1649" hits="1"/>
						<line number="1651" hits="1"/>
						<line number="1652" hits="1"/>
						<line number="1654" hits="1"/>
						<line number="1655" hits="1"/>
						<line number="1657" hits="1"/>
						<line number="1659" hits="1"/>
						<line number="1660" hits="1"/>
						<line number="1661" hits="1"/>
						<line number="1662" hits="1"/>
						<line number="1663" hits="1"/>
						<line number="1664" hits="1"/>
						<line number="1665" hits="1"/>
						<line number="1668" hits="1"/>
						<line number="1670" hits="1"/>
						<line number="1671" hits="1"/>
						<line number="1673" hits="1"/>
						<line number="1675" hits="1"/>
						<line number="1677" hits="1"/>
						<line number="1678" hits="0"/>
						<line number="1679" hits="0"/>
						<line number="1681" hits="1"/>
						<line number="1683" hits="1"/>
						<line number="1684" hits="1"/>
						<line number="1687" hits="1"/>
						<line number="1697" hits="1"/>
						<line number="1698" hits="1"/>
						<line number="1699" hits="1"/>
						<line number="1700" hits="0"/>
						<line number="1701" hits="1"/>
						<line number="1705" hits="1"/>
						<line number="1721" hits="1"/>
						<line number="1722" hits="1"/>
						<line number="1724" hits="1"/>
						<line number="1725" hits="1"/>
						<line number="1727" hits="1"/>
						<line number="1728" hits="1"/>
						<line number="1729" hits="0"/>
						<line number="1730" hits="1"/>
						<line number="1732" hits="1"/>
						<line number="1733" hits="1"/>
						<line number="1734" hits="1"/>
						<line number="1735" hits="1"/>
						<line number="1736" hits="1"/>
						<line number="1737" hits="1"/>
						<line number="1739" hits="1"/>
						<line number="1740" hits="1"/>
						<line number="1742" hits="1"/>
						<line number="1745" hits="1"/>
						<line number="1758" hits="1"/>
						<line number="1759" hits="1"/>
						<line number="1761" hits="1"/>
						<line number="1762" hits="1"/>
						<line number="1763" hits="1"/>
						<line number="1765" hits="1"/>
						<line number="1767" hits="1"/>
						<line number="1769" hits="1"/>
						<line number="1771" hits="1"/>
						<line number="1772" hits="1"/>
						<line number="1773" hits="1"/>
						<line number="1775" hits="1"/>
						<line number="1776" hits="1"/>
						<line number="1778" hits="1"/>
						<line number="1779" hits="1"/>
						<line number="1780" hits="0"/>
						<line number="1782" hits="1"/>
						<line number="1784" hits="1"/>
						<line number="1785" hits="1"/>
						<line number="1786" hits="1"/>
						<line number="1787" hits="1"/>
						<line number="1788" hits="1"/>
						<line number="1789" hits="1"/>
						<line number="1791" hits="0"/>
						<line number="1793" hits="1"/>
						<line number="1796" hits="1"/>
						<line number="1807" hits="1"/>
						<line number="1808" hits="1"/>
						<line number="1810" hits="1"/>
						<line number="1811" hits="1"/>
						<line number="1812" hits="1"/>
						<line number="1813" hits="1"/>
						<line number="1814" hits="0"/>
						<line number="1816" hits="1"/>
						<line number="1817" hits="1"/>
						<line number="1820" hits="1"/>
						<line number="1842" hits="1"/>
						<line number="1843" hits="1"/>
						<line number="1845" hits="1"/>
						<line number="1846" hits="1"/>
						<line number="1848" hits="1"/>
						<line number="1849" hits="1"/>
						<line number="1851" hits="1"/>
						<line number="1852" hits="1"/>
						<line number="1853" hits="0"/>
						<line number="1854" hits="0"/>
						<line number="1855" hits="0"/>
						<line number="1856" hits="0"/>
						<line number="1857" hits="0"/>
						<line number="1858" hits="0"/>
						<line number="1859" hits="0"/>
						<line number="1861" hits="1"/>
						<line number="1862" hits="1"/>
						<line number="1863" hits="1"/>
						<line number="1864" hits="0"/>
						<line number="1865" hits="1"/>
						<line number="1866" hits="0"/>
						<line number="1868" hits="1"/>
						<line number="1869" hits="1"/>
						<line number="1870" hits="1"/>
						<line number="1871" hits="1"/>
						<line number="1872" hits="0"/>
						<line number="1874" hits="1"/>
						<line number="1876" hits="1"/>
						<line number="1877" hits="1"/>
						<line number="1878" hits="1"/>
						<line number="1880" hits="1"/>
						<line number="1882" hits="1"/>
						<line number="1883" hits="0"/>
						<line number="1884" hits="0"/>
						<line number="1885" hits="0"/>
						<line number="1886" hits="0"/>
						<line number="1887" hits="0"/>
						<line number="1888" hits="0"/>
						<line number="1889" hits="0"/>
						<line number="1892" hits="0"/>
						<line number="1893" hits="0"/>
						<line number="1894" hits="0"/>
						<line number="1895" hits="0"/>
						<line number="1897" hits="0"/>
						<line number="1898" hits="0"/>
						<line number="1899" hits="0"/>
						<line number="1900" hits="0"/>
						<line number="1901" hits="0"/>
						<line number="1903" hits="1"/>
						<line number="1906" hits="1"/>
						<line number="1926" hits="1"/>
						<line number="1927" hits="1"/>
						<line number="1928" hits="1"/>
						<line number="1931" hits="1"/>
						<line number="1932" hits="1"/>
						<line number="1933" hits="1"/>
						<line number="1936" hits="1"/>
						<line number="1937" hits="1"/>
						<line number="1938" hits="1"/>
						<line number="1939" hits="1"/>
						<line number="1940" hits="1"/>
						<line number="1941" hits="1"/>
						<line number="1942" hits="1"/>
						<line number="1943" hits="1"/>
						<line number="1944" hits="1"/>
						<line number="1945" hits="1"/>
						<line number="1946" hits="1"/>
						<line number="1947" hits="1"/>
						<line number="1948" hits="1"/>
						<line number="1949" hits="1"/>
						<line number="1950" hits="1"/>
						<line number="1951" hits="1"/>
						<line number="1953" hits="1"/>
						<line number="1954" hits="1"/>
						<line number="1955" hits="1"/>
						<line number="1957" hits="1"/>
						<line number="1958" hits="1"/>
						<line number="1960" hits="1"/>
						<line number="1961" hits="1"/>
						<line number="1962" hits="1"/>
						<line number="1963" hits="1"/>
						<line number="1965" hits="1"/>
						<line number="1966" hits="1"/>
						<line number="1969" hits="1"/>
						<line number="1970" hits="1"/>
						<line number="1972" hits="1"/>
						<line number="1973" hits="1"/>
						<line number="1975" hits="1"/>
						<line number="1976" hits="1"/>
						<line number="1978" hits="1"/>
						<line number="1979" hits="1"/>
						<line number="1981" hits="1"/>
						<line number="1982" hits="1"/>
						<line number="1984" hits="1"/>
						<line number="1985" hits="1"/>
						<line number="1986" hits="1"/>
						<line number="1987" hits="1"/>
						<line number="1989" hits="1"/>
						<line number="1992" hits="1"/>
						<line number="2020" hits="1"/>
						<line number="2021" hits="1"/>
						<line number="2022" hits="1"/>
						<line number="2024" hits="1"/>
						<line number="2025" hits="1"/>
						<line number="2027" hits="1"/>
						<line number="2028" hits="1"/>
						<line number="2030" hits="1"/>
						<line number="2031" hits="0"/>
						<line number="2032" hits="0"/>
						<line number="2034" hits="0"/>
						<line number="2036" hits="0"/>
						<line number="2037" hits="0"/>
						<line number="2038" hits="0"/>
						<line number="2039" hits="0"/>
						<line number="2040" hits="0"/>
						<line number="2041" hits="0"/>
						<line number="2042" hits="0"/>
						<line number="2043" hits="0"/>
						<line number="2044" hits="0"/>
						<line number="2046" hits="1"/>
						<line number="2047" hits="1"/>
						<line number="2049" hits="1"/>
						<line number="2052" hits="1"/>
						<line number="2084" hits="1"/>
						<line number="2085" hits="1"/>
						<line number="2086" hits="1"/>
						<line number="2087" hits="1"/>
						<line number="2088" hits="1"/>
						<line number="2089" hits="1"/>
						<line number="2090" hits="1"/>
						<line number="2092" hits="1"/>
						<line number="2093" hits="1"/>
						<line number="2095" hits="1"/>
						<line number="2096" hits="1"/>
						<line number="2097" hits="1"/>
						<line number="2098" hits="1"/>
						<line number="2099" hits="1"/>
						<line number="2100" hits="1"/>
						<line number="2101" hits="1"/>
						<line number="2102" hits="1"/>
						<line number="2104" hits="1"/>
						<line number="2105" hits="1"/>
						<line number="2107" hits="1"/>
						<line number="2108" hits="1"/>
						<line number="2110" hits="1"/>
						<line number="2111" hits="1"/>
						<line number="2113" hits="1"/>
						<line number="2114" hits="1"/>
						<line number="2116" hits="1"/>
						<line number="2118" hits="1"/>
						<line number="2119" hits="1"/>
						<line number="2120" hits="1"/>
						<line number="2121" hits="1"/>
						<line number="2122" hits="1"/>
						<line number="2123" hits="1"/>
						<line number="2124" hits="0"/>
						<line number="2125" hits="0"/>
						<line number="2126" hits="0"/>
						<line number="2127" hits="0"/>
						<line number="2128" hits="0"/>
						<line number="2129" hits="0"/>
						<line number="2130" hits="0"/>
						<line number="2131" hits="0"/>
						<line number="2132" hits="0"/>
						<line number="2133" hits="0"/>
						<line number="2134" hits="0"/>
						<line number="2136" hits="1"/>
						<line number="2138" hits="1"/>
						<line number="2170" hits="1"/>
						<line number="2171" hits="1"/>
						<line number="2172" hits="1"/>
						<line number="2173" hits="1"/>
						<line number="2174" hits="1"/>
						<line number="2175" hits="1"/>
						<line number="2176" hits="1"/>
						<line number="2178" hits="1"/>
						<line number="2179" hits="1"/>
						<line number="2181" hits="1"/>
						<line number="2182" hits="1"/>
						<line number="2183" hits="1"/>
						<line number="2184" hits="1"/>
						<line number="2185" hits="1"/>
						<line number="2186" hits="1"/>
						<line number="2187" hits="1"/>
						<line number="2188" hits="1"/>
						<line number="2190" hits="1"/>
						<line number="2191" hits="1"/>
						<line number="2193" hits="1"/>
						<line number="2194" hits="1"/>
						<line number="2196" hits="1"/>
						<line number="2197" hits="1"/>
						<line number="2199" hits="1"/>
						<line number="2200" hits="1"/>
						<line number="2202" hits="1"/>
						<line number="2204" hits="1"/>
						<line number="2205" hits="1"/>
						<line number="2206" hits="1"/>
						<line number="2207" hits="1"/>
						<line number="2208" hits="1"/>
						<line number="2209" hits="1"/>
						<line number="2210" hits="0"/>
						<line number="2211" hits="0"/>
						<line number="2212" hits="0"/>
						<line number="2213" hits="0"/>
						<line number="2214" hits="0"/>
						<line number="2215" hits="0"/>
						<line number="2216" hits="0"/>
						<line number="2217" hits="0"/>
						<line number="2218" hits="0"/>
						<line number="2219" hits="0"/>
						<line number="2220" hits="0"/>
						<line number="2222" hits="1"/>
						<line number="2225" hits="1"/>
						<line number="2263" hits="1"/>
						<line number="2264" hits="1"/>
						<line number="2265" hits="1"/>
						<line number="2266" hits="1"/>
						<line number="2267" hits="1"/>
						<line number="2268" hits="1"/>
						<line number="2269" hits="1"/>
						<line number="2270" hits="1"/>
						<line number="2272" hits="1"/>
						<line number="2273" hits="1"/>
						<line number="2275" hits="1"/>
						<line number="2276" hits="1"/>
						<line number="2277" hits="1"/>
						<line number="2278" hits="1"/>
						<line number="2279" hits="1"/>
						<line number="2280" hits="1"/>
						<line number="2281" hits="1"/>
						<line number="2282" hits="1"/>
						<line number="2283" hits="1"/>
						<line number="2285" hits="1"/>
						<line number="2286" hits="1"/>
						<line number="2287" hits="1"/>
						<line number="2289" hits="1"/>
						<line number="2290" hits="1"/>
						<line number="2291" hits="1"/>
						<line number="2292" hits="1"/>
						<line number="2293" hits="1"/>
						<line number="2294" hits="1"/>
						<line number="2295" hits="1"/>
						<line number="2296" hits="1"/>
						<line number="2297" hits="1"/>
						<line number="2298" hits="1"/>
						<line number="2300" hits="1"/>
						<line number="2302" hits="1"/>
						<line number="2303" hits="1"/>
						<line number="2304" hits="1"/>
						<line number="2305" hits="1"/>
						<line number="2307" hits="1"/>
						<line number="2308" hits="1"/>
						<line number="2309" hits="1"/>
						<line number="2310" hits="1"/>
						<line number="2313" hits="1"/>
						<line number="2314" hits="1"/>
						<line number="2315" hits="1"/>
						<line number="2316" hits="1"/>
						<line number="2317" hits="1"/>
						<line number="2318" hits="1"/>
						<line number="2319" hits="1"/>
						<line number="2320" hits="1"/>
						<line number="2321" hits="1"/>
						<line number="2322" hits="1"/>
						<line number="2323" hits="1"/>
						<line number="2324" hits="0"/>
						<line number="2325" hits="0"/>
						<line number="2326" hits="0"/>
						<line number="2327" hits="0"/>
						<line number="2329" hits="0"/>
						<line number="2330" hits="0"/>
						<line number="2331" hits="0"/>
						<line number="2332" hits="0"/>
						<line number="2333" hits="0"/>
						<line number="2334" hits="0"/>
						<line number="2335" hits="0"/>
						<line number="2336" hits="0"/>
						<line number="2337" hits="0"/>
						<line number="2338" hits="0"/>
						<line number="2340" hits="0"/>
						<line number="2341" hits="0"/>
						<line number="2342" hits="0"/>
						<line number="2343" hits="0"/>
						<line number="2344" hits="0"/>
						<line number="2345" hits="0"/>
						<line number="2346" hits="0"/>
						<line number="2348" hits="1"/>
						<line number="2350" hits="1"/>
						<line number="2353" hits="1"/>
						<line number="2366" hits="1"/>
						<line number="2367" hits="1"/>
						<line number="2368" hits="1"/>
						<line number="2369" hits="1"/>
						<line number="2371" hits="1"/>
						<line number="2372" hits="1"/>
						<line number="2373" hits="1"/>
						<line number="2375" hits="1"/>
						<line number="2376" hits="1"/>
						<line number="2377" hits="1"/>
						<line number="2378" hits="1"/>
						<line number="2379" hits="1"/>
						<line number="2380" hits="1"/>
						<line number="2381" hits="1"/>
						<line number="2382" hits="1"/>
						<line number="2384" hits="1"/>
						<line number="2385" hits="1"/>
						<line number="2387" hits="1"/>
						<line number="2390" hits="1"/>
						<line number="2449" hits="1"/>
						<line number="2451" hits="1"/>
						<line number="2455" hits="1"/>
						<line number="2456" hits="1"/>
						<line number="2458" hits="0"/>
						<line number="2459" hits="0"/>
						<line number="2462" hits="1"/>
						<line number="2463" hits="1"/>
						<line number="2464" hits="1"/>
						<line number="2466" hits="1"/>
						<line number="2467" hits="0"/>
						<line number="2468" hits="0"/>
						<line number="2469" hits="1"/>
						<line number="2470" hits="0"/>
						<line number="2474" hits="1"/>
						<line number="2475" hits="0"/>
						<line number="2476" hits="0"/>
						<line number="2479" hits="0"/>
						<line number="2480" hits="0"/>
						<line number="2481" hits="0"/>
						<line number="2483" hits="0"/>
						<line number="2484" hits="0"/>
						<line number="2488" hits="1"/>
						<line number="2489" hits="0"/>
						<line number="2490" hits="0"/>
						<line number="2491" hits="0"/>
						<line number="2492" hits="0"/>
						<line number="2493" hits="0"/>
						<line number="2494" hits="0"/>
						<line number="2495" hits="0"/>
						<line number="2496" hits="0"/>
						<line number="2497" hits="0"/>
						<line number="2498" hits="0"/>
						<line number="2500" hits="1"/>
						<line number="2503" hits="1"/>
						<line number="2549" hits="1"/>
						<line number="2551" hits="1"/>
						<line number="2552" hits="1"/>
						<line number="2553" hits="1"/>
						<line number="2554" hits="1"/>
						<line number="2556" hits="1"/>
						<line number="2557" hits="0"/>
						<line number="2558" hits="0"/>
						<line number="2559" hits="0"/>
						<line number="2560" hits="0"/>
						<line number="2561" hits="0"/>
						<line number="2562" hits="0"/>
						<line number="2563" hits="0"/>
						<line number="2564" hits="0"/>
						<line number="2565" hits="0"/>
						<line number="2566" hits="0"/>
						<line number="2568" hits="1"/>
						<line number="2571" hits="1"/>
						<line number="2588" hits="1"/>
						<line number="2590" hits="1"/>
						<line number="2592" hits="1"/>
						<line number="2593" hits="1"/>
						<line number="2594" hits="1"/>
						<line number="2595" hits="1"/>
						<line number="2596" hits="1"/>
						<line number="2597" hits="1"/>
						<line number="2598" hits="1"/>
						<line number="2599" hits="1"/>
						<line number="2601" hits="1"/>
						<line number="2602" hits="1"/>
						<line number="2603" hits="1"/>
						<line number="2604" hits="1"/>
						<line number="2605" hits="1"/>
						<line number="2606" hits="1"/>
						<line number="2607" hits="1"/>
						<line number="2608" hits="1"/>
						<line number="2609" hits="1"/>
						<line number="2611" hits="1"/>
						<line number="2613" hits="1"/>
						<line number="2615" hits="1"/>
						<line number="2616" hits="1"/>
						<line number="2617" hits="1"/>
						<line number="2618" hits="1"/>
						<line number="2620" hits="1"/>
						<line number="2621" hits="1"/>
						<line number="2622" hits="0"/>
						<line number="2624" hits="1"/>
						<line number="2627" hits="1"/>
						<line number="2647" hits="1"/>
						<line number="2649" hits="1"/>
						<line number="2651" hits="1"/>
						<line number="2652" hits="1"/>
						<line number="2653" hits="1"/>
						<line number="2655" hits="1"/>
						<line number="2656" hits="1"/>
						<line number="2657" hits="1"/>
						<line number="2658" hits="1"/>
						<line number="2659" hits="1"/>
						<line number="2661" hits="1"/>
						<line number="2662" hits="1"/>
						<line number="2663" hits="1"/>
						<line number="2665" hits="1"/>
						<line number="2666" hits="1"/>
						<line number="2667" hits="1"/>
						<line number="2669" hits="1"/>
						<line number="2670" hits="1"/>
						<line number="2671" hits="1"/>
						<line number="2672" hits="0"/>
						<line number="2674" hits="1"/>
						<line number="2677" hits="1"/>
						<line number="2692" hits="1"/>
						<line number="2693" hits="1"/>
						<line number="2694" hits="1"/>
						<line number="2696" hits="1"/>
						<line number="2698" hits="1"/>
						<line number="2699" hits="1"/>
						<line number="2700" hits="1"/>
						<line number="2701" hits="0"/>
						<line number="2703" hits="1"/>
						<line number="2706" hits="1"/>
						<line number="2731" hits="1"/>
						<line number="2732" hits="1"/>
						<line number="2733" hits="1"/>
						<line number="2734" hits="1"/>
						<line number="2736" hits="1"/>
						<line number="2737" hits="1"/>
						<line number="2739" hits="0"/>
						<line number="2740" hits="1"/>
						<line number="2743" hits="1"/>
						<line number="2763" hits="1"/>
						<line number="2764" hits="1"/>
						<line number="2765" hits="1"/>
						<line number="2767" hits="0"/>
						<line number="2768" hits="1"/>
						<line number="2771" hits="1"/>
						<line number="2782" hits="1"/>
						<line number="2783" hits="1"/>
						<line number="2784" hits="1"/>
						<line number="2787" hits="1"/>
						<line number="2820" hits="1"/>
						<line number="2822" hits="1"/>
						<line number="2823" hits="1"/>
						<line number="2825" hits="1"/>
						<line number="2826" hits="1"/>
						<line number="2827" hits="1"/>
						<line number="2828" hits="1"/>
						<line number="2830" hits="1"/>
						<line number="2831" hits="1"/>
						<line number="2833" hits="1"/>
						<line number="2834" hits="1"/>
						<line number="2835" hits="1"/>
						<line number="2836" hits="1"/>
						<line number="2837" hits="1"/>
						<line number="2839" hits="1"/>
						<line number="2841" hits="1"/>
						<line number="2842" hits="1"/>
						<line number="2843" hits="1"/>
						<line number="2844" hits="1"/>
						<line number="2845" hits="1"/>
						<line number="2846" hits="1"/>
						<line number="2847" hits="1"/>
						<line number="2849" hits="1"/>
						<line number="2850" hits="1"/>
						<line number="2851" hits="1"/>
						<line number="2852" hits="1"/>
						<line number="2853" hits="1"/>
						<line number="2854" hits="1"/>
						<line number="2855" hits="1"/>
						<line number="2857" hits="1"/>
						<line number="2858" hits="1"/>
						<line number="2860" hits="0"/>
						<line number="2862" hits="1"/>
						<line number="2863" hits="1"/>
						<line number="2865" hits="1"/>
						<line number="2867" hits="1"/>
						<line number="2870" hits="1"/>
						<line number="2901" hits="1"/>
						<line number="2902" hits="1"/>
						<line number="2904" hits="1"/>
						<line number="2905" hits="1"/>
						<line number="2907" hits="1"/>
						<line number="2908" hits="1"/>
						<line number="2909" hits="1"/>
						<line number="2910" hits="1"/>
						<line number="2911" hits="0"/>
						<line number="2912" hits="1"/>
						<line number="2913" hits="1"/>
						<line number="2914" hits="1"/>
						<line number="2915" hits="1"/>
						<line number="2916" hits="1"/>
						<line number="2917" hits="1"/>
						<line number="2918" hits="1"/>
						<line number="2919" hits="1"/>
						<line number="2921" hits="1"/>
						<line number="2922" hits="1"/>
						<line number="2924" hits="1"/>
						<line number="2927" hits="1"/>
						<line number="2947" hits="1"/>
						<line number="2948" hits="0"/>
						<line number="2949" hits="1"/>
						<line number="2950" hits="0"/>
						<line number="2953" hits="1"/>
						<line number="2954" hits="1"/>
						<line number="2955" hits="1"/>
						<line number="2958" hits="1"/>
						<line number="2961" hits="1"/>
						<line number="2962" hits="1"/>
						<line number="2963" hits="1"/>
						<line number="2964" hits="1"/>
						<line number="2966" hits="1"/>
						<line number="2967" hits="0"/>
						<line number="2968" hits="0"/>
						<line number="2970" hits="1"/>
						<line number="2973" hits="1"/>
						<line number="2985" hits="1"/>
						<line number="2986" hits="1"/>
						<line number="2988" hits="1"/>
						<line number="2989" hits="1"/>
						<line number="2990" hits="1"/>
						<line number="2991" hits="1"/>
						<line number="2992" hits="1"/>
						<line number="2993" hits="1"/>
						<line number="2994" hits="1"/>
						<line number="2996" hits="1"/>
						<line number="2999" hits="1"/>
						<line number="3013" hits="1"/>
						<line number="3014" hits="1"/>
						<line number="3015" hits="1"/>
						<line number="3016" hits="1"/>
						<line number="3017" hits="1"/>
						<line number="3018" hits="0"/>
						<line number="3019" hits="0"/>
						<line number="3020" hits="0"/>
						<line number="3021" hits="1"/>
						<line number="3024" hits="1"/>
						<line number="3035" hits="1"/>
						<line number="3036" hits="1"/>
						<line number="3037" hits="1"/>
						<line number="3039" hits="1"/>
						<line number="3040" hits="1"/>
						<line number="3041" hits="1"/>
						<line number="3042" hits="1"/>
						<line number="3043" hits="1"/>
						<line number="3045" hits="1"/>
						<line number="3046" hits="1"/>
						<line number="3047" hits="1"/>
						<line number="3048" hits="1"/>
						<line number="3050" hits="1"/>
						<line number="3053" hits="1"/>
						<line number="3065" hits="1"/>
						<line number="3066" hits="1"/>
						<line number="3068" hits="1"/>
						<line number="3069" hits="1"/>
						<line number="3070" hits="1"/>
						<line number="3071" hits="1"/>
						<line number="3072" hits="1"/>
						<line number="3073" hits="1"/>
						<line number="3074" hits="1"/>
						<line number="3076" hits="1"/>
						<line number="3079" hits="1"/>
						<line number="3120" hits="1"/>
						<line number="3122" hits="1"/>
						<line number="3123" hits="0"/>
						<line number="3124" hits="0"/>
						<line number="3126" hits="0"/>
						<line number="3128" hits="0"/>
						<line number="3129" hits="0"/>
						<line number="3130" hits="0"/>
						<line number="3131" hits="0"/>
						<line number="3132" hits="0"/>
						<line number="3135" hits="1"/>
						<line number="3136" hits="0"/>
						<line number="3138" hits="1"/>
						<line number="3139" hits="1"/>
						<line number="3141" hits="1"/>
						<line number="3143" hits="1"/>
						<line number="3144" hits="1"/>
						<line number="3145" hits="1"/>
						<line number="3146" hits="1"/>
						<line number="3148" hits="1"/>
						<line number="3149" hits="1"/>
						<line number="3150" hits="1"/>
						<line number="3152" hits="1"/>
						<line number="3153" hits="1"/>
						<line number="3154" hits="1"/>
						<line number="3155" hits="1"/>
						<line number="3157" hits="1"/>
						<line number="3159" hits="1"/>
						<line number="3161" hits="1"/>
						<line number="3162" hits="1"/>
						<line number="3164" hits="1"/>
						<line number="3165" hits="1"/>
						<line number="3166" hits="1"/>
						<line number="3167" hits="1"/>
						<line number="3168" hits="1"/>
						<line number="3169" hits="1"/>
						<line number="3170" hits="1"/>
						<line number="3172" hits="1"/>
						<line number="3173" hits="1"/>
						<line number="3174" hits="1"/>
						<line number="3175" hits="1"/>
						<line number="3177" hits="1"/>
						<line number="3180" hits="1"/>
						<line number="3210" hits="1"/>
						<line number="3212" hits="1"/>
						<line number="3213" hits="1"/>
						<line number="3214" hits="1"/>
						<line number="3216" hits="1"/>
						<line number="3217" hits="1"/>
						<line number="3218" hits="1"/>
						<line number="3220" hits="1"/>
						<line number="3221" hits="1"/>
						<line number="3222" hits="1"/>
						<line number="3223" hits="1"/>
						<line number="3224" hits="1"/>
						<line number="3225" hits="1"/>
						<line number="3226" hits="0"/>
						<line number="3227" hits="1"/>
						<line number="3228" hits="0"/>
						<line number="3229" hits="1"/>
						<line number="3231" hits="1"/>
						<line number="3232" hits="1"/>
						<line number="3234" hits="1"/>
						<line number="3237" hits="1"/>
						<line number="3267" hits="1"/>
						<line number="3268" hits="1"/>
						<line number="3270" hits="1"/>
						<line number="3271" hits="1"/>
						<line number="3273" hits="1"/>
						<line number="3274" hits="1"/>
						<line number="3275" hits="0"/>
						<line number="3277" hits="1"/>
						<line number="3278" hits="0"/>
						<line number="3280" hits="1"/>
						<line number="3283" hits="1"/>
						<line number="3308" hits="1"/>
						<line number="3311" hits="1"/>
						<line number="3312" hits="1"/>
						<line number="3313" hits="1"/>
						<line number="3315" hits="1"/>
						<line number="3317" hits="1"/>
						<line number="3318" hits="1"/>
						<line number="3320" hits="1"/>
						<line number="3321" hits="1"/>
						<line number="3322" hits="1"/>
						<line number="3323" hits="1"/>
						<line number="3326" hits="1"/>
						<line number="3327" hits="1"/>
						<line number="3329" hits="1"/>
						<line number="3330" hits="1"/>
						<line number="3332" hits="1"/>
						<line number="3335" hits="1"/>
						<line number="3379" hits="1"/>
						<line number="3380" hits="0"/>
						<line number="3382" hits="1"/>
						<line number="3383" hits="0"/>
						<line number="3384" hits="1"/>
						<line number="3385" hits="0"/>
						<line number="3387" hits="1"/>
						<line number="3389" hits="1"/>
						<line number="3391" hits="1"/>
						<line number="3392" hits="1"/>
						<line number="3393" hits="1"/>
						<line number="3394" hits="1"/>
						<line number="3395" hits="1"/>
						<line number="3396" hits="1"/>
						<line number="3397" hits="1"/>
						<line number="3398" hits="1"/>
						<line number="3399" hits="1"/>
						<line number="3400" hits="1"/>
						<line number="3401" hits="1"/>
						<line number="3403" hits="1"/>
						<line number="3404" hits="0"/>
						<line number="3405" hits="0"/>
						<line number="3406" hits="0"/>
						<line number="3407" hits="0"/>
						<line number="3408" hits="0"/>
						<line number="3409" hits="0"/>
						<line number="3410" hits="0"/>
						<line number="3411" hits="0"/>
						<line number="3412" hits="0"/>
						<line number="3413" hits="0"/>
						<line number="3414" hits="0"/>
						<line number="3415" hits="0"/>
						<line number="3416" hits="0"/>
						<line number="3417" hits="0"/>
						<line number="3418" hits="0"/>
						<line number="3420" hits="1"/>
						<line number="3423" hits="1"/>
						<line number="3433" hits="1"/>
						<line number="3435" hits="1"/>
						<line number="3436" hits="1"/>
						<line number="3438" hits="1"/>
						<line number="3440" hits="1"/>
						<line number="3441" hits="1"/>
						<line number="3443" hits="1"/>
						<line number="3446" hits="1"/>
						<line number="3460" hits="1"/>
						<line number="3461" hits="1"/>
						<line number="3462" hits="1"/>
						<line number="3464" hits="1"/>
						<line number="3465" hits="0"/>
						<line number="3467" hits="1"/>
						<line number="3468" hits="1"/>
						<line number="3470" hits="1"/>
						<line number="3472" hits="1"/>
						<line number="3473" hits="0"/>
						<line number="3475" hits="1"/>
						<line number="3476" hits="1"/>
						<line number="3478" hits="1"/>
						<line number="3481" hits="1"/>
						<line number="3499" hits="1"/>
						<line number="3500" hits="1"/>
						<line number="3502" hits="1"/>
						<line number="3503" hits="1"/>
						<line number="3505" hits="1"/>
						<line number="3506" hits="1"/>
						<line number="3507" hits="0"/>
						<line number="3509" hits="1"/>
						<line number="3510" hits="1"/>
						<line number="3511" hits="1"/>
						<line number="3512" hits="1"/>
						<line number="3513" hits="1"/>
						<line number="3514" hits="1"/>
						<line number="3515" hits="0"/>
						<line number="3516" hits="1"/>
						<line number="3517" hits="1"/>
						<line number="3519" hits="1"/>
						<line number="3520" hits="1"/>
						<line number="3522" hits="1"/>
						<line number="3525" hits="1"/>
						<line number="3552" hits="1"/>
						<line number="3553" hits="1"/>
						<line number="3555" hits="0"/>
						<line number="3557" hits="1"/>
						<line number="3558" hits="1"/>
						<line number="3560" hits="1"/>
						<line number="3561" hits="1"/>
						<line number="3563" hits="1"/>
						<line number="3565" hits="1"/>
						<line number="3567" hits="1"/>
						<line number="3568" hits="1"/>
						<line number="3569" hits="1"/>
						<line number="3570" hits="0"/>
						<line number="3571" hits="1"/>
						<line number="3572" hits="0"/>
						<line number="3573" hits="1"/>
						<line number="3574" hits="1"/>
						<line number="3576" hits="1"/>
						<line number="3578" hits="1"/>
						<line number="3579" hits="1"/>
						<line number="3580" hits="1"/>
						<line number="3581" hits="1"/>
						<line number="3583" hits="1"/>
						<line number="3585" hits="1"/>
						<line number="3587" hits="1"/>
						<line number="3600" hits="1"/>
						<line number="3603" hits="1"/>
						<line number="3604" hits="1"/>
						<line number="3605" hits="1"/>
						<line number="3606" hits="1"/>
						<line number="3607" hits="1"/>
						<line number="3608" hits="1"/>
						<line number="3609" hits="0"/>
						<line number="3610" hits="0"/>
						<line number="3611" hits="0"/>
						<line number="3612" hits="1"/>
						<line number="3613" hits="1"/>
						<line number="3614" hits="1"/>
						<line number="3615" hits="1"/>
						<line number="3616" hits="1"/>
						<line number="3617" hits="1"/>
						<line number="3619" hits="1"/>
						<line number="3620" hits="1"/>
						<line number="3621" hits="1"/>
						<line number="3622" hits="1"/>
						<line number="3623" hits="1"/>
						<line number="3625" hits="1"/>
						<line number="3626" hits="0"/>
						<line number="3628" hits="1"/>
						<line number="3629" hits="1"/>
						<line number="3630" hits="1"/>
						<line number="3631" hits="1"/>
						<line number="3632" hits="1"/>
						<line number="3633" hits="1"/>
						<line number="3634" hits="0"/>
						<line number="3635" hits="1"/>
						<line number="3636" hits="0"/>
						<line number="3637" hits="1"/>
						<line number="3638" hits="1"/>
						<line number="3639" hits="1"/>
						<line number="3641" hits="1"/>
					</lines>
				</class>
				<class name="test_spectrapepper.py" filename="test_spectrapepper.py" complexity="0" line-rate="0.9972" branch-rate="0">
					<methods/>
					<lines>
						<line number="3" hits="1"/>
						<line number="5" hits="1"/>
						<line number="7" hits="1"/>
						<line number="8" hits="1"/>
						<line number="9" hits="1"/>
						<line number="11" hits="1"/>
						<line number="13" hits="1"/>
						<line number="14" hits="1"/>
						<line number="16" hits="1"/>
						<line number="17" hits="1"/>
						<line number="19" hits="1"/>
						<line number="20" hits="1"/>
						<line number="21" hits="1"/>
						<line number="22" hits="1"/>
						<line number="24" hits="1"/>
						<line number="25" hits="1"/>
						<line number="26" hits="1"/>
						<line number="28" hits="1"/>
						<line number="29" hits="1"/>
						<line number="30" hits="1"/>
						<line number="31" hits="1"/>
						<line number="32" hits="1"/>
						<line number="35" hits="1"/>
						<line number="36" hits="1"/>
						<line number="38" hits="1"/>
						<line number="39" hits="1"/>
						<line number="40" hits="1"/>
						<line number="41" hits="1"/>
						<line number="43" hits="1"/>
						<line number="44" hits="1"/>
						<line number="45" hits="1"/>
						<line number="46" hits="1"/>
						<line number="48" hits="1"/>
						<line number="49" hits="1"/>
						<line number="50" hits="1"/>
						<line number="51" hits="1"/>
						<line number="53" hits="1"/>
						<line number="54" hits="1"/>
						<line number="55" hits="1"/>
						<line number="56" hits="1"/>
						<line number="58" hits="1"/>
						<line number="59" hits="1"/>
						<line number="60" hits="1"/>
						<line number="61" hits="1"/>
						<line number="63" hits="1"/>
						<line number="64" hits="1"/>
						<line number="65" hits="1"/>
						<line number="66" hits="1"/>
						<line number="68" hits="1"/>
						<line number="69" hits="1"/>
						<line number="70" hits="1"/>
						<line number="71" hits="1"/>
						<line number="73" hits="1"/>
						<line number="74" hits="1"/>
						<line number="75" hits="1"/>
						<line number="76" hits="1"/>
						<line number="78" hits="1"/>
						<line number="79" hits="1"/>
						<line number="80" hits="1"/>
						<line number="81" hits="1"/>
						<line number="83" hits="1"/>
						<line number="84" hits="1"/>
						<line number="85" hits="1"/>
						<line number="86" hits="1"/>
						<line number="88" hits="1"/>
						<line number="89" hits="1"/>
						<line number="90" hits="1"/>
						<line number="91" hits="1"/>
						<line number="93" hits="1"/>
						<line number="94" hits="1"/>
						<line number="95" hits="1"/>
						<line number="96" hits="1"/>
						<line number="98" hits="1"/>
						<line number="99" hits="1"/>
						<line number="100" hits="1"/>
						<line number="101" hits="1"/>
						<line number="103" hits="1"/>
						<line number="104" hits="1"/>
						<line number="105" hits="1"/>
						<line number="106" hits="1"/>
						<line number="108" hits="1"/>
						<line number="109" hits="1"/>
						<line number="110" hits="1"/>
						<line number="111" hits="1"/>
						<line number="113" hits="1"/>
						<line number="114" hits="1"/>
						<line number="115" hits="1"/>
						<line number="116" hits="1"/>
						<line number="118" hits="1"/>
						<line number="119" hits="1"/>
						<line number="120" hits="1"/>
						<line number="121" hits="1"/>
						<line number="123" hits="1"/>
						<line number="124" hits="1"/>
						<line number="125" hits="1"/>
						<line number="126" hits="1"/>
						<line number="128" hits="1"/>
						<line number="129" hits="1"/>
						<line number="130" hits="1"/>
						<line number="131" hits="1"/>
						<line number="133" hits="1"/>
						<line number="134" hits="1"/>
						<line number="135" hits="1"/>
						<line number="136" hits="1"/>
						<line number="138" hits="1"/>
						<line number="139" hits="1"/>
						<line number="140" hits="1"/>
						<line number="141" hits="1"/>
						<line number="143" hits="1"/>
						<line number="144" hits="1"/>
						<line number="145" hits="1"/>
						<line number="146" hits="1"/>
						<line number="148" hits="1"/>
						<line number="149" hits="1"/>
						<line number="150" hits="1"/>
						<line number="151" hits="1"/>
						<line number="153" hits="1"/>
						<line number="154" hits="1"/>
						<line number="155" hits="1"/>
						<line number="156" hits="1"/>
						<line number="158" hits="1"/>
						<line number="159" hits="1"/>
						<line number="160" hits="1"/>
						<line number="161" hits="1"/>
						<line number="163" hits="1"/>
						<line number="164" hits="1"/>
						<line number="165" hits="1"/>
						<line number="166" hits="1"/>
						<line number="168" hits="1"/>
						<line number="169" hits="1"/>
						<line number="170" hits="1"/>
						<line number="171" hits="1"/>
						<line number="173" hits="1"/>
						<line number="174" hits="1"/>
						<line number="175" hits="1"/>
						<line number="176" hits="1"/>
						<line number="178" hits="1"/>
						<line number="179" hits="1"/>
						<line number="180" hits="1"/>
						<line number="181" hits="1"/>
						<line number="183" hits="1"/>
						<line number="184" hits="1"/>
						<line number="185" hits="1"/>
						<line number="186" hits="1"/>
						<line number="188" hits="1"/>
						<line number="189" hits="1"/>
						<line number="190" hits="1"/>
						<line number="191" hits="1"/>
						<line number="193" hits="1"/>
						<line number="194" hits="1"/>
						<line number="195" hits="1"/>
						<line number="196" hits="1"/>
						<line number="198" hits="1"/>
						<line number="199" hits="1"/>
						<line number="200" hits="1"/>
						<line number="201" hits="1"/>
						<line number="203" hits="1"/>
						<line number="204" hits="1"/>
						<line number="205" hits="1"/>
						<line number="207" hits="1"/>
						<line number="208" hits="1"/>
						<line number="209" hits="1"/>
						<line number="210" hits="1"/>
						<line number="212" hits="1"/>
						<line number="213" hits="1"/>
						<line number="214" hits="1"/>
						<line number="215" hits="1"/>
						<line number="217" hits="1"/>
						<line number="218" hits="1"/>
						<line number="219" hits="1"/>
						<line number="220" hits="1"/>
						<line number="222" hits="1"/>
						<line number="223" hits="1"/>
						<line number="224" hits="1"/>
						<line number="225" hits="1"/>
						<line number="227" hits="1"/>
						<line number="228" hits="1"/>
						<line number="229" hits="1"/>
						<line number="230" hits="1"/>
						<line number="232" hits="1"/>
						<line number="233" hits="1"/>
						<line number="234" hits="1"/>
						<line number="235" hits="1"/>
						<line number="237" hits="1"/>
						<line number="238" hits="1"/>
						<line number="239" hits="1"/>
						<line number="240" hits="1"/>
						<line number="242" hits="1"/>
						<line number="243" hits="1"/>
						<line number="244" hits="1"/>
						<line number="245" hits="1"/>
						<line number="247" hits="1"/>
						<line number="248" hits="1"/>
						<line number="249" hits="1"/>
						<line number="250" hits="1"/>
						<line number="252" hits="1"/>
						<line number="253" hits="1"/>
						<line number="254" hits="1"/>
						<line number="255" hits="1"/>
						<line number="257" hits="1"/>
						<line number="258" hits="1"/>
						<line number="259" hits="1"/>
						<line number="260" hits="1"/>
						<line number="262" hits="1"/>
						<line number="263" hits="1"/>
						<line number="264" hits="1"/>
						<line number="265" hits="1"/>
						<line number="267" hits="1"/>
						<line number="268" hits="1"/>
						<line number="269" hits="1"/>
						<line number="270" hits="1"/>
						<line number="272" hits="1"/>
						<line number="273" hits="1"/>
						<line number="274" hits="1"/>
						<line number="275" hits="1"/>
						<line number="277" hits="1"/>
						<line number="278" hits="1"/>
						<line number="279" hits="1"/>
						<line number="280" hits="1"/>
						<line number="282" hits="1"/>
						<line number="283" hits="1"/>
						<line number="284" hits="1"/>
						<line number="285" hits="1"/>
						<line number="287" hits="1"/>
						<line number="288" hits="1"/>
						<line number="289" hits="1"/>
						<line number="290" hits="1"/>
						<line number="292" hits="1"/>
						<line number="293" hits="1"/>
						<line number="294" hits="1"/>
						<line number="295" hits="1"/>
						<line number="297" hits="1"/>
						<line number="298" hits="1"/>
						<line number="299" hits="1"/>
						<line number="300" hits="1"/>
						<line number="302" hits="1"/>
						<line number="303" hits="1"/>
						<line number="304" hits="1"/>
						<line number="305" hits="1"/>
						<line number="307" hits="1"/>
						<line number="308" hits="1"/>
						<line number="309" hits="1"/>
						<line number="310" hits="1"/>
						<line number="312" hits="1"/>
						<line number="313" hits="1"/>
						<line number="314" hits="1"/>
						<line number="315" hits="1"/>
						<line number="317" hits="1"/>
						<line number="318" hits="1"/>
						<line number="319" hits="1"/>
						<line number="320" hits="1"/>
						<line number="322" hits="1"/>
						<line number="323" hits="1"/>
						<line number="324" hits="1"/>
						<line number="325" hits="1"/>
						<line number="327" hits="1"/>
						<line number="328" hits="1"/>
						<line number="329" hits="1"/>
						<line number="330" hits="1"/>
						<line number="332" hits="1"/>
						<line number="333" hits="1"/>
						<line number="334" hits="1"/>
						<line number="336" hits="1"/>
						<line number="337" hits="1"/>
						<line number="338" hits="1"/>
						<line number="339" hits="1"/>
						<line number="341" hits="1"/>
						<line number="342" hits="1"/>
						<line number="343" hits="1"/>
						<line number="344" hits="1"/>
						<line number="346" hits="1"/>
						<line number="347" hits="1"/>
						<line number="348" hits="1"/>
						<line number="349" hits="1"/>
						<line number="351" hits="1"/>
						<line number="352" hits="1"/>
						<line number="353" hits="1"/>
						<line number="354" hits="1"/>
						<line number="356" hits="1"/>
						<line number="357" hits="1"/>
						<line number="358" hits="1"/>
						<line number="359" hits="1"/>
						<line number="361" hits="1"/>
						<line number="362" hits="1"/>
						<line number="363" hits="1"/>
						<line number="364" hits="1"/>
						<line number="366" hits="1"/>
						<line number="367" hits="1"/>
						<line number="368" hits="1"/>
						<line number="369" hits="1"/>
						<line number="371" hits="1"/>
						<line number="372" hits="1"/>
						<line number="373" hits="1"/>
						<line number="374" hits="1"/>
						<line number="376" hits="1"/>
						<line number="377" hits="1"/>
						<line number="378" hits="1"/>
						<line number="379" hits="1"/>
						<line number="381" hits="1"/>
						<line number="382" hits="1"/>
						<line number="383" hits="1"/>
						<line number="384" hits="1"/>
						<line number="386" hits="1"/>
						<line number="387" hits="1"/>
						<line number="388" hits="1"/>
						<line number="389" hits="1"/>
						<line number="391" hits="1"/>
						<line number="392" hits="1"/>
						<line number="393" hits="1"/>
						<line number="394" hits="1"/>
						<line number="396" hits="1"/>
						<line number="397" hits="1"/>
						<line number="398" hits="1"/>
						<line number="399" hits="1"/>
						<line number="400" hits="1"/>
						<line number="402" hits="1"/>
						<line number="403" hits="1"/>
						<line number="404" hits="1"/>
						<line number="405" hits="1"/>
						<line number="407" hits="1"/>
						<line number="408" hits="1"/>
						<line number="409" hits="1"/>
						<line number="411" hits="1"/>
						<line number="412" hits="1"/>
						<line number="413" hits="1"/>
						<line number="414" hits="1"/>
						<line number="416" hits="1"/>
						<line number="417" hits="1"/>
						<line number="418" hits="1"/>
						<line number="419" hits="1"/>
						<line number="421" hits="1"/>
						<line number="422" hits="1"/>
						<line number="423" hits="1"/>
						<line number="424" hits="1"/>
						<line number="426" hits="1"/>
						<line number="427" hits="1"/>
						<line number="428" hits="1"/>
						<line number="429" hits="1"/>
						<line number="431" hits="1"/>
						<line number="432" hits="1"/>
						<line number="433" hits="1"/>
						<line number="434" hits="1"/>
						<line number="436" hits="1"/>
						<line number="437" hits="1"/>
						<line number="438" hits="1"/>
						<line number="439" hits="1"/>
						<line number="441" hits="1"/>
						<line number="442" hits="1"/>
						<line number="443" hits="1"/>
						<line number="444" hits="1"/>
						<line number="446" hits="1"/>
						<line number="447" hits="1"/>
						<line number="448" hits="1"/>
						<line number="450" hits="1"/>
						<line number="451" hits="1"/>
						<line number="452" hits="1"/>
						<line number="454" hits="1"/>
						<line number="455" hits="1"/>
						<line number="456" hits="1"/>
						<line number="457" hits="1"/>
						<line number="461" hits="1"/>
						<line number="462" hits="0"/>
					</lines>
				</class>
			</classes>
		</package>
	</packages>
</coverage>
