<?xml version="1.0" ?>
<coverage branch-rate="0" branches-covered="0" branches-valid="0" complexity="0" line-rate="0.9006" lines-covered="1350" lines-valid="1499" timestamp="1624275245101" version="4.5.4">
	<!-- Generated by coverage.py: https://coverage.readthedocs.io -->
	<!-- Based on https://raw.githubusercontent.com/cobertura/web/master/htdocs/xml/coverage-04.dtd -->
	<sources>
		<source>C:\Users\etgrau\spectrapepper\tests</source>
	</sources>
	<packages>
		<package branch-rate="0" complexity="0" line-rate="0.9006" name=".">
			<classes>
				<class branch-rate="0" complexity="0" filename="my_functions.py" line-rate="0.8777" name="my_functions.py">
					<methods/>
					<lines>
						<line hits="1" number="6"/>
						<line hits="1" number="7"/>
						<line hits="1" number="8"/>
						<line hits="1" number="9"/>
						<line hits="1" number="10"/>
						<line hits="1" number="11"/>
						<line hits="1" number="12"/>
						<line hits="1" number="13"/>
						<line hits="1" number="14"/>
						<line hits="1" number="15"/>
						<line hits="1" number="16"/>
						<line hits="1" number="17"/>
						<line hits="1" number="18"/>
						<line hits="1" number="19"/>
						<line hits="1" number="20"/>
						<line hits="1" number="21"/>
						<line hits="1" number="22"/>
						<line hits="1" number="23"/>
						<line hits="1" number="24"/>
						<line hits="1" number="25"/>
						<line hits="1" number="26"/>
						<line hits="1" number="27"/>
						<line hits="1" number="30"/>
						<line hits="1" number="37"/>
						<line hits="1" number="38"/>
						<line hits="1" number="39"/>
						<line hits="1" number="41"/>
						<line hits="1" number="44"/>
						<line hits="1" number="51"/>
						<line hits="1" number="52"/>
						<line hits="1" number="53"/>
						<line hits="1" number="55"/>
						<line hits="1" number="58"/>
						<line hits="1" number="77"/>
						<line hits="1" number="78"/>
						<line hits="1" number="79"/>
						<line hits="1" number="81"/>
						<line hits="1" number="84"/>
						<line hits="1" number="98"/>
						<line hits="1" number="99"/>
						<line hits="1" number="100"/>
						<line hits="1" number="102"/>
						<line hits="1" number="105"/>
						<line hits="1" number="119"/>
						<line hits="1" number="120"/>
						<line hits="1" number="121"/>
						<line hits="1" number="123"/>
						<line hits="1" number="124"/>
						<line hits="1" number="126"/>
						<line hits="1" number="129"/>
						<line hits="1" number="148"/>
						<line hits="1" number="149"/>
						<line hits="1" number="150"/>
						<line hits="1" number="151"/>
						<line hits="1" number="152"/>
						<line hits="1" number="153"/>
						<line hits="1" number="154"/>
						<line hits="1" number="155"/>
						<line hits="1" number="156"/>
						<line hits="1" number="157"/>
						<line hits="1" number="158"/>
						<line hits="1" number="159"/>
						<line hits="1" number="160"/>
						<line hits="1" number="161"/>
						<line hits="1" number="162"/>
						<line hits="1" number="164"/>
						<line hits="0" number="165"/>
						<line hits="1" number="167"/>
						<line hits="1" number="170"/>
						<line hits="1" number="193"/>
						<line hits="1" number="194"/>
						<line hits="1" number="195"/>
						<line hits="1" number="197"/>
						<line hits="1" number="198"/>
						<line hits="1" number="199"/>
						<line hits="1" number="200"/>
						<line hits="1" number="201"/>
						<line hits="1" number="202"/>
						<line hits="1" number="204"/>
						<line hits="1" number="205"/>
						<line hits="1" number="206"/>
						<line hits="1" number="207"/>
						<line hits="1" number="209"/>
						<line hits="1" number="212"/>
						<line hits="1" number="219"/>
						<line hits="1" number="221"/>
						<line hits="1" number="223"/>
						<line hits="1" number="224"/>
						<line hits="1" number="225"/>
						<line hits="1" number="226"/>
						<line hits="1" number="227"/>
						<line hits="1" number="228"/>
						<line hits="1" number="230"/>
						<line hits="1" number="231"/>
						<line hits="1" number="232"/>
						<line hits="1" number="233"/>
						<line hits="0" number="234"/>
						<line hits="1" number="236"/>
						<line hits="1" number="239"/>
						<line hits="1" number="261"/>
						<line hits="1" number="262"/>
						<line hits="1" number="263"/>
						<line hits="1" number="264"/>
						<line hits="0" number="265"/>
						<line hits="0" number="266"/>
						<line hits="1" number="268"/>
						<line hits="1" number="269"/>
						<line hits="1" number="272"/>
						<line hits="1" number="283"/>
						<line hits="1" number="284"/>
						<line hits="1" number="285"/>
						<line hits="1" number="286"/>
						<line hits="1" number="287"/>
						<line hits="1" number="288"/>
						<line hits="1" number="289"/>
						<line hits="1" number="291"/>
						<line hits="1" number="292"/>
						<line hits="1" number="293"/>
						<line hits="1" number="294"/>
						<line hits="1" number="297"/>
						<line hits="1" number="311"/>
						<line hits="1" number="312"/>
						<line hits="1" number="313"/>
						<line hits="1" number="314"/>
						<line hits="1" number="317"/>
						<line hits="1" number="339"/>
						<line hits="1" number="340"/>
						<line hits="1" number="342"/>
						<line hits="1" number="343"/>
						<line hits="1" number="344"/>
						<line hits="1" number="345"/>
						<line hits="1" number="346"/>
						<line hits="1" number="347"/>
						<line hits="1" number="348"/>
						<line hits="1" number="349"/>
						<line hits="1" number="350"/>
						<line hits="1" number="351"/>
						<line hits="1" number="352"/>
						<line hits="1" number="355"/>
						<line hits="1" number="356"/>
						<line hits="1" number="357"/>
						<line hits="1" number="358"/>
						<line hits="1" number="359"/>
						<line hits="1" number="360"/>
						<line hits="1" number="361"/>
						<line hits="1" number="362"/>
						<line hits="1" number="363"/>
						<line hits="1" number="364"/>
						<line hits="1" number="367"/>
						<line hits="1" number="393"/>
						<line hits="1" number="394"/>
						<line hits="1" number="395"/>
						<line hits="1" number="396"/>
						<line hits="1" number="397"/>
						<line hits="1" number="398"/>
						<line hits="1" number="400"/>
						<line hits="1" number="401"/>
						<line hits="1" number="403"/>
						<line hits="1" number="404"/>
						<line hits="1" number="405"/>
						<line hits="1" number="406"/>
						<line hits="1" number="407"/>
						<line hits="1" number="409"/>
						<line hits="1" number="411"/>
						<line hits="1" number="412"/>
						<line hits="0" number="414"/>
						<line hits="1" number="417"/>
						<line hits="1" number="418"/>
						<line hits="1" number="419"/>
						<line hits="1" number="420"/>
						<line hits="1" number="422"/>
						<line hits="1" number="423"/>
						<line hits="1" number="425"/>
						<line hits="0" number="426"/>
						<line hits="0" number="427"/>
						<line hits="0" number="428"/>
						<line hits="0" number="429"/>
						<line hits="1" number="431"/>
						<line hits="1" number="432"/>
						<line hits="1" number="434"/>
						<line hits="1" number="437"/>
						<line hits="1" number="465"/>
						<line hits="1" number="466"/>
						<line hits="1" number="467"/>
						<line hits="1" number="468"/>
						<line hits="1" number="469"/>
						<line hits="1" number="470"/>
						<line hits="1" number="472"/>
						<line hits="1" number="473"/>
						<line hits="1" number="474"/>
						<line hits="1" number="475"/>
						<line hits="1" number="476"/>
						<line hits="1" number="477"/>
						<line hits="1" number="478"/>
						<line hits="1" number="479"/>
						<line hits="1" number="481"/>
						<line hits="1" number="482"/>
						<line hits="1" number="483"/>
						<line hits="1" number="484"/>
						<line hits="0" number="485"/>
						<line hits="0" number="486"/>
						<line hits="0" number="487"/>
						<line hits="0" number="488"/>
						<line hits="1" number="490"/>
						<line hits="1" number="491"/>
						<line hits="1" number="492"/>
						<line hits="1" number="495"/>
						<line hits="1" number="496"/>
						<line hits="1" number="497"/>
						<line hits="1" number="498"/>
						<line hits="1" number="500"/>
						<line hits="1" number="501"/>
						<line hits="1" number="502"/>
						<line hits="1" number="504"/>
						<line hits="0" number="505"/>
						<line hits="0" number="506"/>
						<line hits="0" number="507"/>
						<line hits="0" number="508"/>
						<line hits="1" number="510"/>
						<line hits="1" number="511"/>
						<line hits="1" number="513"/>
						<line hits="1" number="516"/>
						<line hits="1" number="539"/>
						<line hits="1" number="540"/>
						<line hits="1" number="541"/>
						<line hits="1" number="543"/>
						<line hits="1" number="544"/>
						<line hits="1" number="545"/>
						<line hits="1" number="546"/>
						<line hits="1" number="547"/>
						<line hits="1" number="548"/>
						<line hits="1" number="549"/>
						<line hits="1" number="550"/>
						<line hits="1" number="551"/>
						<line hits="1" number="552"/>
						<line hits="1" number="553"/>
						<line hits="1" number="554"/>
						<line hits="1" number="555"/>
						<line hits="1" number="556"/>
						<line hits="1" number="557"/>
						<line hits="1" number="558"/>
						<line hits="1" number="559"/>
						<line hits="1" number="560"/>
						<line hits="1" number="561"/>
						<line hits="1" number="562"/>
						<line hits="1" number="563"/>
						<line hits="1" number="564"/>
						<line hits="1" number="566"/>
						<line hits="0" number="567"/>
						<line hits="0" number="568"/>
						<line hits="0" number="569"/>
						<line hits="0" number="570"/>
						<line hits="1" number="572"/>
						<line hits="1" number="575"/>
						<line hits="1" number="600"/>
						<line hits="1" number="601"/>
						<line hits="1" number="602"/>
						<line hits="1" number="604"/>
						<line hits="1" number="605"/>
						<line hits="1" number="606"/>
						<line hits="1" number="607"/>
						<line hits="1" number="608"/>
						<line hits="1" number="609"/>
						<line hits="1" number="610"/>
						<line hits="1" number="611"/>
						<line hits="1" number="612"/>
						<line hits="1" number="613"/>
						<line hits="1" number="614"/>
						<line hits="1" number="615"/>
						<line hits="1" number="616"/>
						<line hits="1" number="617"/>
						<line hits="1" number="618"/>
						<line hits="1" number="619"/>
						<line hits="1" number="620"/>
						<line hits="1" number="621"/>
						<line hits="1" number="622"/>
						<line hits="1" number="623"/>
						<line hits="1" number="624"/>
						<line hits="1" number="626"/>
						<line hits="1" number="628"/>
						<line hits="0" number="629"/>
						<line hits="0" number="630"/>
						<line hits="0" number="631"/>
						<line hits="0" number="632"/>
						<line hits="1" number="634"/>
						<line hits="1" number="637"/>
						<line hits="1" number="652"/>
						<line hits="1" number="653"/>
						<line hits="1" number="654"/>
						<line hits="1" number="655"/>
						<line hits="1" number="656"/>
						<line hits="1" number="657"/>
						<line hits="1" number="658"/>
						<line hits="1" number="659"/>
						<line hits="1" number="660"/>
						<line hits="1" number="661"/>
						<line hits="1" number="662"/>
						<line hits="1" number="663"/>
						<line hits="1" number="665"/>
						<line hits="1" number="666"/>
						<line hits="1" number="667"/>
						<line hits="1" number="668"/>
						<line hits="1" number="669"/>
						<line hits="1" number="670"/>
						<line hits="1" number="671"/>
						<line hits="1" number="672"/>
						<line hits="1" number="673"/>
						<line hits="1" number="674"/>
						<line hits="1" number="675"/>
						<line hits="1" number="678"/>
						<line hits="1" number="695"/>
						<line hits="1" number="697"/>
						<line hits="1" number="698"/>
						<line hits="1" number="699"/>
						<line hits="1" number="700"/>
						<line hits="1" number="701"/>
						<line hits="1" number="702"/>
						<line hits="1" number="703"/>
						<line hits="1" number="705"/>
						<line hits="1" number="706"/>
						<line hits="1" number="707"/>
						<line hits="1" number="708"/>
						<line hits="1" number="709"/>
						<line hits="1" number="710"/>
						<line hits="1" number="713"/>
						<line hits="1" number="729"/>
						<line hits="1" number="730"/>
						<line hits="1" number="731"/>
						<line hits="1" number="733"/>
						<line hits="1" number="734"/>
						<line hits="1" number="736"/>
						<line hits="1" number="737"/>
						<line hits="1" number="738"/>
						<line hits="1" number="740"/>
						<line hits="1" number="741"/>
						<line hits="1" number="742"/>
						<line hits="1" number="744"/>
						<line hits="1" number="745"/>
						<line hits="1" number="747"/>
						<line hits="1" number="748"/>
						<line hits="1" number="749"/>
						<line hits="1" number="750"/>
						<line hits="1" number="751"/>
						<line hits="1" number="753"/>
						<line hits="1" number="755"/>
						<line hits="1" number="756"/>
						<line hits="1" number="758"/>
						<line hits="1" number="761"/>
						<line hits="1" number="771"/>
						<line hits="1" number="772"/>
						<line hits="1" number="773"/>
						<line hits="1" number="774"/>
						<line hits="1" number="775"/>
						<line hits="1" number="776"/>
						<line hits="1" number="777"/>
						<line hits="1" number="779"/>
						<line hits="1" number="780"/>
						<line hits="1" number="781"/>
						<line hits="1" number="782"/>
						<line hits="1" number="783"/>
						<line hits="1" number="786"/>
						<line hits="1" number="796"/>
						<line hits="1" number="797"/>
						<line hits="1" number="798"/>
						<line hits="1" number="799"/>
						<line hits="1" number="800"/>
						<line hits="1" number="801"/>
						<line hits="1" number="802"/>
						<line hits="1" number="803"/>
						<line hits="1" number="804"/>
						<line hits="1" number="806"/>
						<line hits="1" number="807"/>
						<line hits="1" number="810"/>
						<line hits="1" number="824"/>
						<line hits="1" number="825"/>
						<line hits="1" number="828"/>
						<line hits="1" number="829"/>
						<line hits="1" number="830"/>
						<line hits="1" number="831"/>
						<line hits="1" number="832"/>
						<line hits="1" number="833"/>
						<line hits="1" number="834"/>
						<line hits="1" number="835"/>
						<line hits="1" number="836"/>
						<line hits="1" number="839"/>
						<line hits="1" number="840"/>
						<line hits="1" number="841"/>
						<line hits="1" number="842"/>
						<line hits="1" number="843"/>
						<line hits="1" number="846"/>
						<line hits="1" number="847"/>
						<line hits="1" number="849"/>
						<line hits="1" number="852"/>
						<line hits="1" number="863"/>
						<line hits="1" number="864"/>
						<line hits="1" number="865"/>
						<line hits="1" number="866"/>
						<line hits="1" number="868"/>
						<line hits="1" number="869"/>
						<line hits="1" number="870"/>
						<line hits="1" number="871"/>
						<line hits="1" number="872"/>
						<line hits="1" number="873"/>
						<line hits="1" number="874"/>
						<line hits="1" number="875"/>
						<line hits="1" number="876"/>
						<line hits="1" number="877"/>
						<line hits="1" number="878"/>
						<line hits="1" number="879"/>
						<line hits="1" number="880"/>
						<line hits="1" number="881"/>
						<line hits="1" number="882"/>
						<line hits="1" number="884"/>
						<line hits="1" number="885"/>
						<line hits="1" number="886"/>
						<line hits="1" number="887"/>
						<line hits="1" number="888"/>
						<line hits="1" number="890"/>
						<line hits="1" number="893"/>
						<line hits="1" number="909"/>
						<line hits="1" number="910"/>
						<line hits="1" number="911"/>
						<line hits="1" number="912"/>
						<line hits="1" number="913"/>
						<line hits="1" number="914"/>
						<line hits="1" number="915"/>
						<line hits="1" number="916"/>
						<line hits="1" number="917"/>
						<line hits="1" number="918"/>
						<line hits="1" number="919"/>
						<line hits="1" number="922"/>
						<line hits="1" number="941"/>
						<line hits="1" number="942"/>
						<line hits="1" number="943"/>
						<line hits="1" number="944"/>
						<line hits="1" number="946"/>
						<line hits="1" number="947"/>
						<line hits="1" number="948"/>
						<line hits="1" number="949"/>
						<line hits="1" number="950"/>
						<line hits="1" number="952"/>
						<line hits="1" number="953"/>
						<line hits="1" number="954"/>
						<line hits="1" number="955"/>
						<line hits="1" number="956"/>
						<line hits="1" number="957"/>
						<line hits="1" number="959"/>
						<line hits="1" number="960"/>
						<line hits="1" number="961"/>
						<line hits="1" number="963"/>
						<line hits="1" number="964"/>
						<line hits="1" number="965"/>
						<line hits="1" number="966"/>
						<line hits="1" number="967"/>
						<line hits="1" number="969"/>
						<line hits="1" number="970"/>
						<line hits="1" number="973"/>
						<line hits="1" number="974"/>
						<line hits="1" number="975"/>
						<line hits="1" number="977"/>
						<line hits="1" number="978"/>
						<line hits="1" number="980"/>
						<line hits="1" number="981"/>
						<line hits="1" number="983"/>
						<line hits="1" number="985"/>
						<line hits="1" number="988"/>
						<line hits="1" number="1007"/>
						<line hits="1" number="1008"/>
						<line hits="1" number="1009"/>
						<line hits="1" number="1010"/>
						<line hits="1" number="1012"/>
						<line hits="1" number="1013"/>
						<line hits="1" number="1014"/>
						<line hits="1" number="1015"/>
						<line hits="1" number="1017"/>
						<line hits="1" number="1018"/>
						<line hits="1" number="1020"/>
						<line hits="1" number="1021"/>
						<line hits="1" number="1022"/>
						<line hits="1" number="1023"/>
						<line hits="1" number="1024"/>
						<line hits="1" number="1026"/>
						<line hits="1" number="1027"/>
						<line hits="1" number="1028"/>
						<line hits="1" number="1030"/>
						<line hits="1" number="1031"/>
						<line hits="1" number="1032"/>
						<line hits="1" number="1033"/>
						<line hits="1" number="1034"/>
						<line hits="1" number="1035"/>
						<line hits="1" number="1036"/>
						<line hits="1" number="1039"/>
						<line hits="1" number="1040"/>
						<line hits="1" number="1041"/>
						<line hits="1" number="1043"/>
						<line hits="1" number="1044"/>
						<line hits="1" number="1046"/>
						<line hits="1" number="1047"/>
						<line hits="1" number="1049"/>
						<line hits="1" number="1051"/>
						<line hits="1" number="1054"/>
						<line hits="1" number="1073"/>
						<line hits="1" number="1074"/>
						<line hits="1" number="1076"/>
						<line hits="1" number="1078"/>
						<line hits="1" number="1079"/>
						<line hits="1" number="1081"/>
						<line hits="1" number="1082"/>
						<line hits="1" number="1083"/>
						<line hits="1" number="1084"/>
						<line hits="1" number="1086"/>
						<line hits="1" number="1087"/>
						<line hits="1" number="1088"/>
						<line hits="0" number="1089"/>
						<line hits="0" number="1090"/>
						<line hits="1" number="1092"/>
						<line hits="1" number="1093"/>
						<line hits="1" number="1095"/>
						<line hits="1" number="1096"/>
						<line hits="1" number="1098"/>
						<line hits="1" number="1099"/>
						<line hits="1" number="1100"/>
						<line hits="0" number="1101"/>
						<line hits="0" number="1102"/>
						<line hits="1" number="1104"/>
						<line hits="1" number="1105"/>
						<line hits="1" number="1106"/>
						<line hits="1" number="1109"/>
						<line hits="1" number="1122"/>
						<line hits="1" number="1123"/>
						<line hits="1" number="1124"/>
						<line hits="1" number="1125"/>
						<line hits="1" number="1126"/>
						<line hits="1" number="1127"/>
						<line hits="1" number="1128"/>
						<line hits="1" number="1129"/>
						<line hits="1" number="1130"/>
						<line hits="1" number="1131"/>
						<line hits="1" number="1133"/>
						<line hits="1" number="1134"/>
						<line hits="1" number="1135"/>
						<line hits="1" number="1136"/>
						<line hits="1" number="1137"/>
						<line hits="1" number="1138"/>
						<line hits="1" number="1139"/>
						<line hits="1" number="1141"/>
						<line hits="1" number="1142"/>
						<line hits="1" number="1143"/>
						<line hits="1" number="1146"/>
						<line hits="1" number="1174"/>
						<line hits="1" number="1175"/>
						<line hits="1" number="1176"/>
						<line hits="1" number="1177"/>
						<line hits="1" number="1178"/>
						<line hits="1" number="1179"/>
						<line hits="1" number="1180"/>
						<line hits="1" number="1181"/>
						<line hits="1" number="1183"/>
						<line hits="1" number="1184"/>
						<line hits="1" number="1186"/>
						<line hits="1" number="1187"/>
						<line hits="1" number="1188"/>
						<line hits="1" number="1189"/>
						<line hits="1" number="1190"/>
						<line hits="1" number="1191"/>
						<line hits="1" number="1192"/>
						<line hits="1" number="1193"/>
						<line hits="1" number="1194"/>
						<line hits="1" number="1196"/>
						<line hits="1" number="1197"/>
						<line hits="1" number="1199"/>
						<line hits="0" number="1200"/>
						<line hits="0" number="1201"/>
						<line hits="0" number="1202"/>
						<line hits="0" number="1203"/>
						<line hits="0" number="1204"/>
						<line hits="0" number="1205"/>
						<line hits="0" number="1206"/>
						<line hits="0" number="1207"/>
						<line hits="0" number="1208"/>
						<line hits="0" number="1209"/>
						<line hits="0" number="1211"/>
						<line hits="0" number="1212"/>
						<line hits="0" number="1213"/>
						<line hits="1" number="1215"/>
						<line hits="1" number="1218"/>
						<line hits="1" number="1228"/>
						<line hits="1" number="1229"/>
						<line hits="1" number="1230"/>
						<line hits="1" number="1231"/>
						<line hits="1" number="1232"/>
						<line hits="1" number="1233"/>
						<line hits="1" number="1236"/>
						<line hits="1" number="1246"/>
						<line hits="1" number="1247"/>
						<line hits="1" number="1248"/>
						<line hits="1" number="1249"/>
						<line hits="1" number="1250"/>
						<line hits="1" number="1251"/>
						<line hits="1" number="1252"/>
						<line hits="1" number="1253"/>
						<line hits="1" number="1254"/>
						<line hits="1" number="1257"/>
						<line hits="1" number="1267"/>
						<line hits="1" number="1268"/>
						<line hits="1" number="1269"/>
						<line hits="1" number="1271"/>
						<line hits="1" number="1272"/>
						<line hits="1" number="1273"/>
						<line hits="1" number="1274"/>
						<line hits="1" number="1275"/>
						<line hits="1" number="1276"/>
						<line hits="1" number="1279"/>
						<line hits="1" number="1305"/>
						<line hits="1" number="1306"/>
						<line hits="1" number="1307"/>
						<line hits="1" number="1308"/>
						<line hits="1" number="1309"/>
						<line hits="1" number="1310"/>
						<line hits="1" number="1311"/>
						<line hits="1" number="1313"/>
						<line hits="1" number="1314"/>
						<line hits="1" number="1315"/>
						<line hits="1" number="1316"/>
						<line hits="1" number="1317"/>
						<line hits="1" number="1318"/>
						<line hits="1" number="1319"/>
						<line hits="1" number="1320"/>
						<line hits="1" number="1322"/>
						<line hits="1" number="1323"/>
						<line hits="1" number="1325"/>
						<line hits="1" number="1326"/>
						<line hits="1" number="1327"/>
						<line hits="1" number="1329"/>
						<line hits="1" number="1330"/>
						<line hits="1" number="1331"/>
						<line hits="1" number="1332"/>
						<line hits="1" number="1333"/>
						<line hits="1" number="1334"/>
						<line hits="1" number="1336"/>
						<line hits="1" number="1337"/>
						<line hits="1" number="1338"/>
						<line hits="1" number="1339"/>
						<line hits="1" number="1342"/>
						<line hits="1" number="1364"/>
						<line hits="1" number="1365"/>
						<line hits="1" number="1366"/>
						<line hits="1" number="1367"/>
						<line hits="1" number="1368"/>
						<line hits="1" number="1370"/>
						<line hits="1" number="1371"/>
						<line hits="1" number="1373"/>
						<line hits="1" number="1374"/>
						<line hits="1" number="1376"/>
						<line hits="1" number="1378"/>
						<line hits="1" number="1379"/>
						<line hits="1" number="1380"/>
						<line hits="1" number="1382"/>
						<line hits="1" number="1383"/>
						<line hits="1" number="1385"/>
						<line hits="1" number="1386"/>
						<line hits="1" number="1387"/>
						<line hits="1" number="1392"/>
						<line hits="1" number="1395"/>
						<line hits="1" number="1411"/>
						<line hits="1" number="1412"/>
						<line hits="1" number="1413"/>
						<line hits="1" number="1415"/>
						<line hits="1" number="1416"/>
						<line hits="1" number="1417"/>
						<line hits="1" number="1418"/>
						<line hits="1" number="1419"/>
						<line hits="1" number="1420"/>
						<line hits="1" number="1421"/>
						<line hits="1" number="1422"/>
						<line hits="1" number="1423"/>
						<line hits="1" number="1425"/>
						<line hits="1" number="1426"/>
						<line hits="1" number="1428"/>
						<line hits="1" number="1429"/>
						<line hits="1" number="1430"/>
						<line hits="1" number="1431"/>
						<line hits="1" number="1432"/>
						<line hits="1" number="1433"/>
						<line hits="1" number="1435"/>
						<line hits="1" number="1436"/>
						<line hits="1" number="1437"/>
						<line hits="1" number="1439"/>
						<line hits="1" number="1440"/>
						<line hits="1" number="1441"/>
						<line hits="1" number="1442"/>
						<line hits="1" number="1443"/>
						<line hits="1" number="1444"/>
						<line hits="1" number="1445"/>
						<line hits="1" number="1447"/>
						<line hits="1" number="1450"/>
						<line hits="1" number="1472"/>
						<line hits="1" number="1474"/>
						<line hits="1" number="1475"/>
						<line hits="1" number="1477"/>
						<line hits="1" number="1478"/>
						<line hits="1" number="1480"/>
						<line hits="1" number="1481"/>
						<line hits="1" number="1483"/>
						<line hits="1" number="1484"/>
						<line hits="1" number="1486"/>
						<line hits="1" number="1487"/>
						<line hits="1" number="1489"/>
						<line hits="1" number="1491"/>
						<line hits="1" number="1492"/>
						<line hits="1" number="1493"/>
						<line hits="1" number="1494"/>
						<line hits="1" number="1495"/>
						<line hits="1" number="1496"/>
						<line hits="1" number="1497"/>
						<line hits="1" number="1500"/>
						<line hits="1" number="1501"/>
						<line hits="1" number="1503"/>
						<line hits="1" number="1504"/>
						<line hits="1" number="1505"/>
						<line hits="1" number="1506"/>
						<line hits="1" number="1509"/>
						<line hits="1" number="1525"/>
						<line hits="1" number="1528"/>
						<line hits="1" number="1538"/>
						<line hits="1" number="1540"/>
						<line hits="1" number="1541"/>
						<line hits="1" number="1542"/>
						<line hits="1" number="1543"/>
						<line hits="1" number="1544"/>
						<line hits="1" number="1545"/>
						<line hits="1" number="1546"/>
						<line hits="1" number="1549"/>
						<line hits="1" number="1565"/>
						<line hits="1" number="1567"/>
						<line hits="1" number="1568"/>
						<line hits="1" number="1569"/>
						<line hits="1" number="1570"/>
						<line hits="0" number="1571"/>
						<line hits="1" number="1572"/>
						<line hits="1" number="1573"/>
						<line hits="1" number="1574"/>
						<line hits="1" number="1575"/>
						<line hits="1" number="1576"/>
						<line hits="1" number="1577"/>
						<line hits="1" number="1578"/>
						<line hits="1" number="1581"/>
						<line hits="0" number="1582"/>
						<line hits="1" number="1584"/>
						<line hits="1" number="1586"/>
						<line hits="1" number="1587"/>
						<line hits="1" number="1589"/>
						<line hits="1" number="1592"/>
						<line hits="1" number="1605"/>
						<line hits="1" number="1606"/>
						<line hits="1" number="1608"/>
						<line hits="1" number="1609"/>
						<line hits="1" number="1610"/>
						<line hits="1" number="1612"/>
						<line hits="1" number="1614"/>
						<line hits="1" number="1615"/>
						<line hits="0" number="1616"/>
						<line hits="1" number="1618"/>
						<line hits="1" number="1620"/>
						<line hits="1" number="1621"/>
						<line hits="1" number="1622"/>
						<line hits="1" number="1624"/>
						<line hits="1" number="1625"/>
						<line hits="1" number="1627"/>
						<line hits="1" number="1628"/>
						<line hits="0" number="1629"/>
						<line hits="1" number="1631"/>
						<line hits="1" number="1633"/>
						<line hits="1" number="1634"/>
						<line hits="1" number="1635"/>
						<line hits="1" number="1636"/>
						<line hits="1" number="1638"/>
						<line hits="1" number="1640"/>
						<line hits="1" number="1643"/>
						<line hits="1" number="1654"/>
						<line hits="1" number="1655"/>
						<line hits="1" number="1657"/>
						<line hits="1" number="1658"/>
						<line hits="1" number="1659"/>
						<line hits="1" number="1660"/>
						<line hits="0" number="1661"/>
						<line hits="1" number="1663"/>
						<line hits="1" number="1664"/>
						<line hits="1" number="1667"/>
						<line hits="1" number="1692"/>
						<line hits="1" number="1693"/>
						<line hits="1" number="1694"/>
						<line hits="1" number="1695"/>
						<line hits="1" number="1696"/>
						<line hits="1" number="1697"/>
						<line hits="1" number="1699"/>
						<line hits="1" number="1700"/>
						<line hits="1" number="1702"/>
						<line hits="1" number="1703"/>
						<line hits="1" number="1704"/>
						<line hits="1" number="1705"/>
						<line hits="1" number="1706"/>
						<line hits="1" number="1707"/>
						<line hits="0" number="1708"/>
						<line hits="1" number="1709"/>
						<line hits="0" number="1710"/>
						<line hits="0" number="1712"/>
						<line hits="0" number="1713"/>
						<line hits="0" number="1714"/>
						<line hits="0" number="1715"/>
						<line hits="0" number="1716"/>
						<line hits="0" number="1717"/>
						<line hits="1" number="1719"/>
						<line hits="1" number="1720"/>
						<line hits="1" number="1721"/>
						<line hits="1" number="1722"/>
						<line hits="1" number="1723"/>
						<line hits="0" number="1725"/>
						<line hits="1" number="1727"/>
						<line hits="1" number="1728"/>
						<line hits="1" number="1729"/>
						<line hits="1" number="1731"/>
						<line hits="1" number="1733"/>
						<line hits="0" number="1734"/>
						<line hits="0" number="1735"/>
						<line hits="0" number="1736"/>
						<line hits="0" number="1737"/>
						<line hits="0" number="1738"/>
						<line hits="0" number="1739"/>
						<line hits="0" number="1741"/>
						<line hits="0" number="1743"/>
						<line hits="0" number="1744"/>
						<line hits="0" number="1745"/>
						<line hits="0" number="1746"/>
						<line hits="1" number="1748"/>
						<line hits="1" number="1751"/>
						<line hits="1" number="1768"/>
						<line hits="1" number="1769"/>
						<line hits="1" number="1770"/>
						<line hits="1" number="1773"/>
						<line hits="1" number="1774"/>
						<line hits="1" number="1775"/>
						<line hits="1" number="1778"/>
						<line hits="1" number="1779"/>
						<line hits="1" number="1780"/>
						<line hits="1" number="1781"/>
						<line hits="1" number="1782"/>
						<line hits="1" number="1783"/>
						<line hits="1" number="1784"/>
						<line hits="1" number="1785"/>
						<line hits="1" number="1786"/>
						<line hits="1" number="1787"/>
						<line hits="1" number="1788"/>
						<line hits="1" number="1789"/>
						<line hits="1" number="1790"/>
						<line hits="1" number="1791"/>
						<line hits="1" number="1792"/>
						<line hits="1" number="1793"/>
						<line hits="1" number="1795"/>
						<line hits="1" number="1796"/>
						<line hits="1" number="1797"/>
						<line hits="1" number="1799"/>
						<line hits="1" number="1800"/>
						<line hits="1" number="1802"/>
						<line hits="1" number="1803"/>
						<line hits="1" number="1804"/>
						<line hits="1" number="1805"/>
						<line hits="1" number="1807"/>
						<line hits="1" number="1808"/>
						<line hits="1" number="1811"/>
						<line hits="1" number="1812"/>
						<line hits="1" number="1814"/>
						<line hits="1" number="1815"/>
						<line hits="1" number="1817"/>
						<line hits="1" number="1818"/>
						<line hits="1" number="1820"/>
						<line hits="1" number="1821"/>
						<line hits="1" number="1823"/>
						<line hits="1" number="1824"/>
						<line hits="1" number="1826"/>
						<line hits="1" number="1827"/>
						<line hits="1" number="1828"/>
						<line hits="1" number="1829"/>
						<line hits="1" number="1831"/>
						<line hits="1" number="1834"/>
						<line hits="1" number="1862"/>
						<line hits="1" number="1863"/>
						<line hits="1" number="1864"/>
						<line hits="1" number="1865"/>
						<line hits="1" number="1867"/>
						<line hits="1" number="1869"/>
						<line hits="0" number="1870"/>
						<line hits="0" number="1871"/>
						<line hits="0" number="1872"/>
						<line hits="0" number="1873"/>
						<line hits="1" number="1875"/>
						<line hits="1" number="1876"/>
						<line hits="1" number="1877"/>
						<line hits="1" number="1879"/>
						<line hits="0" number="1880"/>
						<line hits="0" number="1881"/>
						<line hits="0" number="1883"/>
						<line hits="0" number="1885"/>
						<line hits="0" number="1886"/>
						<line hits="0" number="1887"/>
						<line hits="0" number="1888"/>
						<line hits="0" number="1889"/>
						<line hits="0" number="1890"/>
						<line hits="0" number="1891"/>
						<line hits="0" number="1892"/>
						<line hits="0" number="1893"/>
						<line hits="1" number="1895"/>
						<line hits="1" number="1898"/>
						<line hits="1" number="1927"/>
						<line hits="1" number="1928"/>
						<line hits="1" number="1929"/>
						<line hits="1" number="1930"/>
						<line hits="1" number="1931"/>
						<line hits="1" number="1932"/>
						<line hits="1" number="1933"/>
						<line hits="1" number="1935"/>
						<line hits="1" number="1936"/>
						<line hits="1" number="1938"/>
						<line hits="1" number="1939"/>
						<line hits="1" number="1940"/>
						<line hits="1" number="1941"/>
						<line hits="1" number="1942"/>
						<line hits="1" number="1943"/>
						<line hits="1" number="1944"/>
						<line hits="1" number="1945"/>
						<line hits="1" number="1947"/>
						<line hits="1" number="1948"/>
						<line hits="1" number="1950"/>
						<line hits="1" number="1951"/>
						<line hits="1" number="1953"/>
						<line hits="1" number="1954"/>
						<line hits="1" number="1956"/>
						<line hits="1" number="1957"/>
						<line hits="1" number="1959"/>
						<line hits="1" number="1961"/>
						<line hits="1" number="1962"/>
						<line hits="1" number="1963"/>
						<line hits="1" number="1964"/>
						<line hits="1" number="1965"/>
						<line hits="1" number="1966"/>
						<line hits="0" number="1967"/>
						<line hits="0" number="1968"/>
						<line hits="0" number="1969"/>
						<line hits="0" number="1970"/>
						<line hits="0" number="1971"/>
						<line hits="0" number="1972"/>
						<line hits="0" number="1973"/>
						<line hits="0" number="1974"/>
						<line hits="0" number="1975"/>
						<line hits="0" number="1976"/>
						<line hits="0" number="1977"/>
						<line hits="1" number="1979"/>
						<line hits="1" number="1981"/>
						<line hits="1" number="2009"/>
						<line hits="1" number="2010"/>
						<line hits="1" number="2011"/>
						<line hits="1" number="2012"/>
						<line hits="1" number="2013"/>
						<line hits="1" number="2014"/>
						<line hits="1" number="2015"/>
						<line hits="1" number="2017"/>
						<line hits="1" number="2018"/>
						<line hits="1" number="2020"/>
						<line hits="1" number="2021"/>
						<line hits="1" number="2022"/>
						<line hits="1" number="2023"/>
						<line hits="1" number="2024"/>
						<line hits="1" number="2025"/>
						<line hits="1" number="2026"/>
						<line hits="1" number="2027"/>
						<line hits="1" number="2029"/>
						<line hits="1" number="2030"/>
						<line hits="1" number="2032"/>
						<line hits="1" number="2033"/>
						<line hits="1" number="2035"/>
						<line hits="1" number="2036"/>
						<line hits="1" number="2038"/>
						<line hits="1" number="2039"/>
						<line hits="1" number="2041"/>
						<line hits="1" number="2043"/>
						<line hits="1" number="2044"/>
						<line hits="1" number="2045"/>
						<line hits="1" number="2046"/>
						<line hits="1" number="2047"/>
						<line hits="1" number="2048"/>
						<line hits="0" number="2049"/>
						<line hits="0" number="2050"/>
						<line hits="0" number="2051"/>
						<line hits="0" number="2052"/>
						<line hits="0" number="2053"/>
						<line hits="0" number="2054"/>
						<line hits="0" number="2055"/>
						<line hits="0" number="2056"/>
						<line hits="0" number="2057"/>
						<line hits="0" number="2058"/>
						<line hits="0" number="2059"/>
						<line hits="1" number="2061"/>
						<line hits="1" number="2064"/>
						<line hits="1" number="2099"/>
						<line hits="1" number="2100"/>
						<line hits="1" number="2101"/>
						<line hits="1" number="2102"/>
						<line hits="1" number="2103"/>
						<line hits="1" number="2104"/>
						<line hits="1" number="2105"/>
						<line hits="1" number="2106"/>
						<line hits="1" number="2108"/>
						<line hits="1" number="2109"/>
						<line hits="1" number="2111"/>
						<line hits="1" number="2112"/>
						<line hits="1" number="2113"/>
						<line hits="1" number="2114"/>
						<line hits="1" number="2115"/>
						<line hits="1" number="2116"/>
						<line hits="1" number="2117"/>
						<line hits="1" number="2118"/>
						<line hits="1" number="2119"/>
						<line hits="1" number="2121"/>
						<line hits="1" number="2122"/>
						<line hits="1" number="2123"/>
						<line hits="1" number="2125"/>
						<line hits="1" number="2126"/>
						<line hits="1" number="2127"/>
						<line hits="1" number="2128"/>
						<line hits="1" number="2129"/>
						<line hits="1" number="2130"/>
						<line hits="1" number="2131"/>
						<line hits="1" number="2132"/>
						<line hits="1" number="2133"/>
						<line hits="1" number="2134"/>
						<line hits="1" number="2136"/>
						<line hits="1" number="2138"/>
						<line hits="1" number="2139"/>
						<line hits="1" number="2140"/>
						<line hits="1" number="2141"/>
						<line hits="1" number="2143"/>
						<line hits="1" number="2144"/>
						<line hits="1" number="2145"/>
						<line hits="1" number="2146"/>
						<line hits="1" number="2149"/>
						<line hits="1" number="2150"/>
						<line hits="1" number="2151"/>
						<line hits="1" number="2152"/>
						<line hits="1" number="2153"/>
						<line hits="1" number="2154"/>
						<line hits="1" number="2155"/>
						<line hits="1" number="2156"/>
						<line hits="1" number="2157"/>
						<line hits="1" number="2158"/>
						<line hits="1" number="2159"/>
						<line hits="0" number="2160"/>
						<line hits="0" number="2161"/>
						<line hits="0" number="2162"/>
						<line hits="0" number="2163"/>
						<line hits="0" number="2165"/>
						<line hits="0" number="2166"/>
						<line hits="0" number="2167"/>
						<line hits="0" number="2168"/>
						<line hits="0" number="2169"/>
						<line hits="0" number="2170"/>
						<line hits="0" number="2171"/>
						<line hits="0" number="2172"/>
						<line hits="0" number="2173"/>
						<line hits="0" number="2174"/>
						<line hits="0" number="2176"/>
						<line hits="0" number="2177"/>
						<line hits="0" number="2178"/>
						<line hits="0" number="2179"/>
						<line hits="0" number="2180"/>
						<line hits="0" number="2181"/>
						<line hits="0" number="2182"/>
						<line hits="1" number="2184"/>
						<line hits="1" number="2186"/>
						<line hits="1" number="2189"/>
						<line hits="1" number="2202"/>
						<line hits="1" number="2203"/>
						<line hits="1" number="2205"/>
						<line hits="1" number="2207"/>
						<line hits="1" number="2209"/>
						<line hits="1" number="2210"/>
						<line hits="1" number="2212"/>
						<line hits="1" number="2213"/>
						<line hits="1" number="2214"/>
						<line hits="1" number="2215"/>
						<line hits="1" number="2216"/>
						<line hits="1" number="2217"/>
						<line hits="1" number="2218"/>
						<line hits="1" number="2219"/>
						<line hits="1" number="2221"/>
						<line hits="1" number="2223"/>
						<line hits="1" number="2224"/>
						<line hits="1" number="2225"/>
						<line hits="1" number="2226"/>
						<line hits="1" number="2227"/>
						<line hits="1" number="2229"/>
						<line hits="1" number="2232"/>
						<line hits="1" number="2276"/>
						<line hits="1" number="2277"/>
						<line hits="1" number="2279"/>
						<line hits="1" number="2280"/>
						<line hits="1" number="2281"/>
						<line hits="1" number="2283"/>
						<line hits="0" number="2284"/>
						<line hits="0" number="2285"/>
						<line hits="1" number="2286"/>
						<line hits="0" number="2287"/>
						<line hits="1" number="2290"/>
						<line hits="0" number="2291"/>
						<line hits="0" number="2292"/>
						<line hits="0" number="2293"/>
						<line hits="0" number="2294"/>
						<line hits="0" number="2295"/>
						<line hits="1" number="2297"/>
						<line hits="1" number="2300"/>
						<line hits="1" number="2333"/>
						<line hits="1" number="2335"/>
						<line hits="1" number="2336"/>
						<line hits="1" number="2337"/>
						<line hits="1" number="2338"/>
						<line hits="1" number="2340"/>
						<line hits="0" number="2341"/>
						<line hits="0" number="2342"/>
						<line hits="0" number="2343"/>
						<line hits="0" number="2344"/>
						<line hits="0" number="2345"/>
						<line hits="0" number="2346"/>
						<line hits="0" number="2347"/>
						<line hits="1" number="2349"/>
						<line hits="1" number="2352"/>
						<line hits="1" number="2367"/>
						<line hits="1" number="2369"/>
						<line hits="1" number="2371"/>
						<line hits="1" number="2372"/>
						<line hits="1" number="2373"/>
						<line hits="1" number="2374"/>
						<line hits="1" number="2375"/>
						<line hits="1" number="2376"/>
						<line hits="1" number="2377"/>
						<line hits="1" number="2378"/>
						<line hits="1" number="2380"/>
						<line hits="1" number="2381"/>
						<line hits="1" number="2382"/>
						<line hits="1" number="2383"/>
						<line hits="1" number="2384"/>
						<line hits="1" number="2385"/>
						<line hits="1" number="2386"/>
						<line hits="1" number="2387"/>
						<line hits="1" number="2388"/>
						<line hits="1" number="2390"/>
						<line hits="1" number="2392"/>
						<line hits="1" number="2394"/>
						<line hits="1" number="2395"/>
						<line hits="1" number="2396"/>
						<line hits="1" number="2397"/>
						<line hits="1" number="2399"/>
						<line hits="1" number="2400"/>
						<line hits="0" number="2401"/>
						<line hits="1" number="2403"/>
						<line hits="1" number="2406"/>
						<line hits="1" number="2427"/>
						<line hits="1" number="2429"/>
						<line hits="1" number="2431"/>
						<line hits="1" number="2432"/>
						<line hits="1" number="2433"/>
						<line hits="1" number="2435"/>
						<line hits="1" number="2436"/>
						<line hits="1" number="2437"/>
						<line hits="1" number="2438"/>
						<line hits="1" number="2439"/>
						<line hits="1" number="2441"/>
						<line hits="1" number="2442"/>
						<line hits="1" number="2443"/>
						<line hits="1" number="2445"/>
						<line hits="1" number="2446"/>
						<line hits="1" number="2447"/>
						<line hits="1" number="2449"/>
						<line hits="1" number="2450"/>
						<line hits="1" number="2451"/>
						<line hits="0" number="2452"/>
						<line hits="1" number="2454"/>
						<line hits="1" number="2457"/>
						<line hits="1" number="2472"/>
						<line hits="1" number="2473"/>
						<line hits="1" number="2474"/>
						<line hits="1" number="2476"/>
						<line hits="1" number="2478"/>
						<line hits="1" number="2479"/>
						<line hits="1" number="2480"/>
						<line hits="0" number="2481"/>
						<line hits="1" number="2483"/>
						<line hits="1" number="2486"/>
						<line hits="1" number="2510"/>
						<line hits="0" number="2511"/>
						<line hits="0" number="2512"/>
						<line hits="1" number="2514"/>
						<line hits="1" number="2515"/>
						<line hits="0" number="2517"/>
						<line hits="1" number="2518"/>
						<line hits="1" number="2521"/>
						<line hits="1" number="2541"/>
						<line hits="1" number="2542"/>
						<line hits="1" number="2543"/>
						<line hits="1" number="2544"/>
						<line hits="0" number="2546"/>
						<line hits="1" number="2547"/>
					</lines>
				</class>
				<class branch-rate="0" complexity="0" filename="test_spectrapepper.py" line-rate="0.9965" name="test_spectrapepper.py">
					<methods/>
					<lines>
						<line hits="1" number="3"/>
						<line hits="1" number="5"/>
						<line hits="1" number="7"/>
						<line hits="1" number="8"/>
						<line hits="1" number="9"/>
						<line hits="1" number="10"/>
						<line hits="1" number="12"/>
						<line hits="1" number="14"/>
						<line hits="1" number="15"/>
						<line hits="1" number="17"/>
						<line hits="1" number="18"/>
						<line hits="1" number="20"/>
						<line hits="1" number="21"/>
						<line hits="1" number="22"/>
						<line hits="1" number="23"/>
						<line hits="1" number="24"/>
						<line hits="1" number="25"/>
						<line hits="1" number="27"/>
						<line hits="1" number="28"/>
						<line hits="1" number="29"/>
						<line hits="1" number="30"/>
						<line hits="1" number="31"/>
						<line hits="1" number="34"/>
						<line hits="1" number="35"/>
						<line hits="1" number="36"/>
						<line hits="1" number="37"/>
						<line hits="1" number="38"/>
						<line hits="1" number="39"/>
						<line hits="1" number="42"/>
						<line hits="1" number="43"/>
						<line hits="1" number="44"/>
						<line hits="1" number="45"/>
						<line hits="1" number="49"/>
						<line hits="1" number="50"/>
						<line hits="1" number="51"/>
						<line hits="1" number="52"/>
						<line hits="1" number="54"/>
						<line hits="1" number="55"/>
						<line hits="1" number="56"/>
						<line hits="1" number="57"/>
						<line hits="1" number="59"/>
						<line hits="1" number="60"/>
						<line hits="1" number="61"/>
						<line hits="1" number="62"/>
						<line hits="1" number="64"/>
						<line hits="1" number="65"/>
						<line hits="1" number="66"/>
						<line hits="1" number="67"/>
						<line hits="1" number="69"/>
						<line hits="1" number="70"/>
						<line hits="1" number="71"/>
						<line hits="1" number="72"/>
						<line hits="1" number="74"/>
						<line hits="1" number="75"/>
						<line hits="1" number="76"/>
						<line hits="1" number="77"/>
						<line hits="1" number="79"/>
						<line hits="1" number="80"/>
						<line hits="1" number="81"/>
						<line hits="1" number="82"/>
						<line hits="1" number="84"/>
						<line hits="1" number="85"/>
						<line hits="1" number="86"/>
						<line hits="1" number="87"/>
						<line hits="1" number="89"/>
						<line hits="1" number="90"/>
						<line hits="1" number="91"/>
						<line hits="1" number="92"/>
						<line hits="1" number="94"/>
						<line hits="1" number="95"/>
						<line hits="1" number="96"/>
						<line hits="1" number="97"/>
						<line hits="1" number="99"/>
						<line hits="1" number="100"/>
						<line hits="1" number="101"/>
						<line hits="1" number="102"/>
						<line hits="1" number="104"/>
						<line hits="1" number="105"/>
						<line hits="1" number="106"/>
						<line hits="1" number="107"/>
						<line hits="1" number="109"/>
						<line hits="1" number="110"/>
						<line hits="1" number="111"/>
						<line hits="1" number="112"/>
						<line hits="1" number="114"/>
						<line hits="1" number="115"/>
						<line hits="1" number="116"/>
						<line hits="1" number="117"/>
						<line hits="1" number="119"/>
						<line hits="1" number="120"/>
						<line hits="1" number="121"/>
						<line hits="1" number="122"/>
						<line hits="1" number="124"/>
						<line hits="1" number="125"/>
						<line hits="1" number="126"/>
						<line hits="1" number="127"/>
						<line hits="1" number="129"/>
						<line hits="1" number="130"/>
						<line hits="1" number="131"/>
						<line hits="1" number="132"/>
						<line hits="1" number="134"/>
						<line hits="1" number="135"/>
						<line hits="1" number="136"/>
						<line hits="1" number="137"/>
						<line hits="1" number="139"/>
						<line hits="1" number="140"/>
						<line hits="1" number="141"/>
						<line hits="1" number="142"/>
						<line hits="1" number="144"/>
						<line hits="1" number="145"/>
						<line hits="1" number="146"/>
						<line hits="1" number="147"/>
						<line hits="1" number="149"/>
						<line hits="1" number="150"/>
						<line hits="1" number="151"/>
						<line hits="1" number="152"/>
						<line hits="1" number="154"/>
						<line hits="1" number="155"/>
						<line hits="1" number="156"/>
						<line hits="1" number="157"/>
						<line hits="1" number="159"/>
						<line hits="1" number="160"/>
						<line hits="1" number="161"/>
						<line hits="1" number="162"/>
						<line hits="1" number="164"/>
						<line hits="1" number="165"/>
						<line hits="1" number="166"/>
						<line hits="1" number="167"/>
						<line hits="1" number="168"/>
						<line hits="1" number="169"/>
						<line hits="1" number="170"/>
						<line hits="1" number="171"/>
						<line hits="1" number="173"/>
						<line hits="1" number="174"/>
						<line hits="1" number="175"/>
						<line hits="1" number="176"/>
						<line hits="1" number="178"/>
						<line hits="1" number="179"/>
						<line hits="1" number="180"/>
						<line hits="1" number="181"/>
						<line hits="1" number="183"/>
						<line hits="1" number="184"/>
						<line hits="1" number="185"/>
						<line hits="1" number="186"/>
						<line hits="1" number="188"/>
						<line hits="1" number="189"/>
						<line hits="1" number="190"/>
						<line hits="1" number="191"/>
						<line hits="1" number="193"/>
						<line hits="1" number="194"/>
						<line hits="1" number="195"/>
						<line hits="1" number="196"/>
						<line hits="1" number="198"/>
						<line hits="1" number="199"/>
						<line hits="1" number="200"/>
						<line hits="1" number="201"/>
						<line hits="1" number="203"/>
						<line hits="1" number="204"/>
						<line hits="1" number="205"/>
						<line hits="1" number="206"/>
						<line hits="1" number="208"/>
						<line hits="1" number="209"/>
						<line hits="1" number="210"/>
						<line hits="1" number="211"/>
						<line hits="1" number="213"/>
						<line hits="1" number="214"/>
						<line hits="1" number="215"/>
						<line hits="1" number="216"/>
						<line hits="1" number="218"/>
						<line hits="1" number="219"/>
						<line hits="1" number="220"/>
						<line hits="1" number="221"/>
						<line hits="1" number="223"/>
						<line hits="1" number="224"/>
						<line hits="1" number="225"/>
						<line hits="1" number="226"/>
						<line hits="1" number="228"/>
						<line hits="1" number="229"/>
						<line hits="1" number="230"/>
						<line hits="1" number="231"/>
						<line hits="1" number="233"/>
						<line hits="1" number="234"/>
						<line hits="1" number="235"/>
						<line hits="1" number="236"/>
						<line hits="1" number="238"/>
						<line hits="1" number="239"/>
						<line hits="1" number="240"/>
						<line hits="1" number="241"/>
						<line hits="1" number="243"/>
						<line hits="1" number="244"/>
						<line hits="1" number="245"/>
						<line hits="1" number="246"/>
						<line hits="1" number="248"/>
						<line hits="1" number="249"/>
						<line hits="1" number="250"/>
						<line hits="1" number="251"/>
						<line hits="1" number="253"/>
						<line hits="1" number="254"/>
						<line hits="1" number="255"/>
						<line hits="1" number="256"/>
						<line hits="1" number="258"/>
						<line hits="1" number="259"/>
						<line hits="1" number="260"/>
						<line hits="1" number="261"/>
						<line hits="1" number="263"/>
						<line hits="1" number="264"/>
						<line hits="1" number="265"/>
						<line hits="1" number="266"/>
						<line hits="1" number="268"/>
						<line hits="1" number="269"/>
						<line hits="1" number="270"/>
						<line hits="1" number="271"/>
						<line hits="1" number="273"/>
						<line hits="1" number="274"/>
						<line hits="1" number="275"/>
						<line hits="1" number="276"/>
						<line hits="1" number="278"/>
						<line hits="1" number="279"/>
						<line hits="1" number="280"/>
						<line hits="1" number="281"/>
						<line hits="1" number="283"/>
						<line hits="1" number="284"/>
						<line hits="1" number="285"/>
						<line hits="1" number="286"/>
						<line hits="1" number="288"/>
						<line hits="1" number="289"/>
						<line hits="1" number="290"/>
						<line hits="1" number="291"/>
						<line hits="1" number="293"/>
						<line hits="1" number="294"/>
						<line hits="1" number="295"/>
						<line hits="1" number="296"/>
						<line hits="1" number="298"/>
						<line hits="1" number="299"/>
						<line hits="1" number="300"/>
						<line hits="1" number="301"/>
						<line hits="1" number="303"/>
						<line hits="1" number="304"/>
						<line hits="1" number="305"/>
						<line hits="1" number="306"/>
						<line hits="1" number="308"/>
						<line hits="1" number="309"/>
						<line hits="1" number="310"/>
						<line hits="1" number="311"/>
						<line hits="1" number="313"/>
						<line hits="1" number="314"/>
						<line hits="1" number="315"/>
						<line hits="1" number="316"/>
						<line hits="1" number="318"/>
						<line hits="1" number="319"/>
						<line hits="1" number="320"/>
						<line hits="1" number="321"/>
						<line hits="1" number="323"/>
						<line hits="1" number="324"/>
						<line hits="1" number="325"/>
						<line hits="1" number="326"/>
						<line hits="1" number="328"/>
						<line hits="1" number="329"/>
						<line hits="1" number="330"/>
						<line hits="1" number="331"/>
						<line hits="1" number="333"/>
						<line hits="1" number="334"/>
						<line hits="1" number="335"/>
						<line hits="1" number="336"/>
						<line hits="1" number="338"/>
						<line hits="1" number="339"/>
						<line hits="1" number="340"/>
						<line hits="1" number="342"/>
						<line hits="1" number="343"/>
						<line hits="1" number="344"/>
						<line hits="1" number="345"/>
						<line hits="1" number="347"/>
						<line hits="1" number="348"/>
						<line hits="1" number="349"/>
						<line hits="1" number="350"/>
						<line hits="1" number="352"/>
						<line hits="1" number="353"/>
						<line hits="1" number="354"/>
						<line hits="1" number="355"/>
						<line hits="1" number="357"/>
						<line hits="1" number="358"/>
						<line hits="1" number="359"/>
						<line hits="1" number="360"/>
						<line hits="1" number="362"/>
						<line hits="1" number="363"/>
						<line hits="1" number="364"/>
						<line hits="1" number="365"/>
						<line hits="1" number="368"/>
						<line hits="0" number="369"/>
					</lines>
				</class>
			</classes>
		</package>
	</packages>
</coverage>
